CRITICAL - 2022-06-11 21:57:04 --> Undefined variable $header
#0 D:\xampp\htdocs\crud\app\Views\albums\listar.php(1): CodeIgniter\Debug\Exceptions->errorHandler(2, 'Undefined varia...', 'D:\\xampp\\htdocs...', 1)
#1 D:\xampp\htdocs\crud\system\View\View.php(210): include('D:\\xampp\\htdocs...')
#2 D:\xampp\htdocs\crud\system\View\View.php(213): CodeIgniter\View\View->CodeIgniter\View\{closure}()
#3 D:\xampp\htdocs\crud\system\Common.php(1089): CodeIgniter\View\View->render('albums/listar', Array, true)
#4 D:\xampp\htdocs\crud\app\Controllers\Home.php(10): view('albums/listar')
#5 D:\xampp\htdocs\crud\system\CodeIgniter.php(832): App\Controllers\Home->index()
#6 D:\xampp\htdocs\crud\system\CodeIgniter.php(419): CodeIgniter\CodeIgniter->runController(Object(App\Controllers\Home))
#7 D:\xampp\htdocs\crud\system\CodeIgniter.php(326): CodeIgniter\CodeIgniter->handleRequest(NULL, Object(Config\Cache), false)
#8 D:\xampp\htdocs\crud\index.php(37): CodeIgniter\CodeIgniter->run()
#9 {main}
CRITICAL - 2022-06-11 21:57:34 --> Undefined variable $header
#0 D:\xampp\htdocs\crud\app\Views\albums\listar.php(1): CodeIgniter\Debug\Exceptions->errorHandler(2, 'Undefined varia...', 'D:\\xampp\\htdocs...', 1)
#1 D:\xampp\htdocs\crud\system\View\View.php(210): include('D:\\xampp\\htdocs...')
#2 D:\xampp\htdocs\crud\system\View\View.php(213): CodeIgniter\View\View->CodeIgniter\View\{closure}()
#3 D:\xampp\htdocs\crud\system\Common.php(1089): CodeIgniter\View\View->render('albums/listar', Array, true)
#4 D:\xampp\htdocs\crud\app\Controllers\Home.php(10): view('albums/listar')
#5 D:\xampp\htdocs\crud\system\CodeIgniter.php(832): App\Controllers\Home->index()
#6 D:\xampp\htdocs\crud\system\CodeIgniter.php(419): CodeIgniter\CodeIgniter->runController(Object(App\Controllers\Home))
#7 D:\xampp\htdocs\crud\system\CodeIgniter.php(326): CodeIgniter\CodeIgniter->handleRequest(NULL, Object(Config\Cache), false)
#8 D:\xampp\htdocs\crud\index.php(37): CodeIgniter\CodeIgniter->run()
#9 {main}
CRITICAL - 2022-06-11 21:59:18 --> Undefined variable $header
#0 D:\xampp\htdocs\crud\app\Views\albums\listar.php(1): CodeIgniter\Debug\Exceptions->errorHandler(2, 'Undefined varia...', 'D:\\xampp\\htdocs...', 1)
#1 D:\xampp\htdocs\crud\system\View\View.php(210): include('D:\\xampp\\htdocs...')
#2 D:\xampp\htdocs\crud\system\View\View.php(213): CodeIgniter\View\View->CodeIgniter\View\{closure}()
#3 D:\xampp\htdocs\crud\system\Common.php(1089): CodeIgniter\View\View->render('albums/listar', Array, true)
#4 D:\xampp\htdocs\crud\app\Controllers\Home.php(10): view('albums/listar')
#5 D:\xampp\htdocs\crud\system\CodeIgniter.php(832): App\Controllers\Home->index()
#6 D:\xampp\htdocs\crud\system\CodeIgniter.php(419): CodeIgniter\CodeIgniter->runController(Object(App\Controllers\Home))
#7 D:\xampp\htdocs\crud\system\CodeIgniter.php(326): CodeIgniter\CodeIgniter->handleRequest(NULL, Object(Config\Cache), false)
#8 D:\xampp\htdocs\crud\index.php(37): CodeIgniter\CodeIgniter->run()
#9 {main}
CRITICAL - 2022-06-11 21:59:43 --> Undefined variable $header
#0 D:\xampp\htdocs\crud\app\Views\albums\listar.php(1): CodeIgniter\Debug\Exceptions->errorHandler(2, 'Undefined varia...', 'D:\\xampp\\htdocs...', 1)
#1 D:\xampp\htdocs\crud\system\View\View.php(210): include('D:\\xampp\\htdocs...')
#2 D:\xampp\htdocs\crud\system\View\View.php(213): CodeIgniter\View\View->CodeIgniter\View\{closure}()
#3 D:\xampp\htdocs\crud\system\Common.php(1089): CodeIgniter\View\View->render('albums/listar', Array, true)
#4 D:\xampp\htdocs\crud\app\Controllers\Home.php(10): view('albums/listar')
#5 D:\xampp\htdocs\crud\system\CodeIgniter.php(832): App\Controllers\Home->index()
#6 D:\xampp\htdocs\crud\system\CodeIgniter.php(419): CodeIgniter\CodeIgniter->runController(Object(App\Controllers\Home))
#7 D:\xampp\htdocs\crud\system\CodeIgniter.php(326): CodeIgniter\CodeIgniter->handleRequest(NULL, Object(Config\Cache), false)
#8 D:\xampp\htdocs\crud\index.php(37): CodeIgniter\CodeIgniter->run()
#9 {main}
CRITICAL - 2022-06-11 22:00:24 --> Undefined variable $header
#0 D:\xampp\htdocs\crud\app\Views\albums\listar.php(1): CodeIgniter\Debug\Exceptions->errorHandler(2, 'Undefined varia...', 'D:\\xampp\\htdocs...', 1)
#1 D:\xampp\htdocs\crud\system\View\View.php(210): include('D:\\xampp\\htdocs...')
#2 D:\xampp\htdocs\crud\system\View\View.php(213): CodeIgniter\View\View->CodeIgniter\View\{closure}()
#3 D:\xampp\htdocs\crud\system\Common.php(1089): CodeIgniter\View\View->render('albums/listar', Array, true)
#4 D:\xampp\htdocs\crud\app\Controllers\Home.php(10): view('albums/listar')
#5 D:\xampp\htdocs\crud\system\CodeIgniter.php(832): App\Controllers\Home->index()
#6 D:\xampp\htdocs\crud\system\CodeIgniter.php(419): CodeIgniter\CodeIgniter->runController(Object(App\Controllers\Home))
#7 D:\xampp\htdocs\crud\system\CodeIgniter.php(326): CodeIgniter\CodeIgniter->handleRequest(NULL, Object(Config\Cache), false)
#8 D:\xampp\htdocs\crud\index.php(37): CodeIgniter\CodeIgniter->run()
#9 {main}
CRITICAL - 2022-06-11 22:01:08 --> Undefined variable $header
#0 D:\xampp\htdocs\crud\app\Views\albums\listar.php(1): CodeIgniter\Debug\Exceptions->errorHandler(2, 'Undefined varia...', 'D:\\xampp\\htdocs...', 1)
#1 D:\xampp\htdocs\crud\system\View\View.php(210): include('D:\\xampp\\htdocs...')
#2 D:\xampp\htdocs\crud\system\View\View.php(213): CodeIgniter\View\View->CodeIgniter\View\{closure}()
#3 D:\xampp\htdocs\crud\system\Common.php(1089): CodeIgniter\View\View->render('albums/listar', Array, true)
#4 D:\xampp\htdocs\crud\app\Controllers\Home.php(10): view('albums/listar')
#5 D:\xampp\htdocs\crud\system\CodeIgniter.php(832): App\Controllers\Home->index()
#6 D:\xampp\htdocs\crud\system\CodeIgniter.php(419): CodeIgniter\CodeIgniter->runController(Object(App\Controllers\Home))
#7 D:\xampp\htdocs\crud\system\CodeIgniter.php(326): CodeIgniter\CodeIgniter->handleRequest(NULL, Object(Config\Cache), false)
#8 D:\xampp\htdocs\crud\index.php(37): CodeIgniter\CodeIgniter->run()
#9 {main}
CRITICAL - 2022-06-11 22:05:29 --> Undefined variable $header
#0 D:\xampp\htdocs\crud\app\Views\albums\listar.php(1): CodeIgniter\Debug\Exceptions->errorHandler(2, 'Undefined varia...', 'D:\\xampp\\htdocs...', 1)
#1 D:\xampp\htdocs\crud\system\View\View.php(210): include('D:\\xampp\\htdocs...')
#2 D:\xampp\htdocs\crud\system\View\View.php(213): CodeIgniter\View\View->CodeIgniter\View\{closure}()
#3 D:\xampp\htdocs\crud\system\Common.php(1089): CodeIgniter\View\View->render('albums/listar', Array, true)
#4 D:\xampp\htdocs\crud\app\Controllers\Home.php(10): view('albums/listar')
#5 D:\xampp\htdocs\crud\system\CodeIgniter.php(832): App\Controllers\Home->index()
#6 D:\xampp\htdocs\crud\system\CodeIgniter.php(419): CodeIgniter\CodeIgniter->runController(Object(App\Controllers\Home))
#7 D:\xampp\htdocs\crud\system\CodeIgniter.php(326): CodeIgniter\CodeIgniter->handleRequest(NULL, Object(Config\Cache), false)
#8 D:\xampp\htdocs\crud\index.php(37): CodeIgniter\CodeIgniter->run()
#9 {main}
CRITICAL - 2022-06-11 22:07:49 --> Undefined variable $header
#0 D:\xampp\htdocs\crud\app\Views\albums\listar.php(1): CodeIgniter\Debug\Exceptions->errorHandler(2, 'Undefined varia...', 'D:\\xampp\\htdocs...', 1)
#1 D:\xampp\htdocs\crud\system\View\View.php(210): include('D:\\xampp\\htdocs...')
#2 D:\xampp\htdocs\crud\system\View\View.php(213): CodeIgniter\View\View->CodeIgniter\View\{closure}()
#3 D:\xampp\htdocs\crud\system\Common.php(1089): CodeIgniter\View\View->render('albums/listar', Array, true)
#4 D:\xampp\htdocs\crud\app\Controllers\Home.php(10): view('albums/listar')
#5 D:\xampp\htdocs\crud\system\CodeIgniter.php(832): App\Controllers\Home->index()
#6 D:\xampp\htdocs\crud\system\CodeIgniter.php(419): CodeIgniter\CodeIgniter->runController(Object(App\Controllers\Home))
#7 D:\xampp\htdocs\crud\system\CodeIgniter.php(326): CodeIgniter\CodeIgniter->handleRequest(NULL, Object(Config\Cache), false)
#8 D:\xampp\htdocs\crud\index.php(37): CodeIgniter\CodeIgniter->run()
#9 {main}
CRITICAL - 2022-06-11 22:08:32 --> Undefined variable $albums
#0 D:\xampp\htdocs\crud\app\Views\albums\listar.php(13): CodeIgniter\Debug\Exceptions->errorHandler(2, 'Undefined varia...', 'D:\\xampp\\htdocs...', 13)
#1 D:\xampp\htdocs\crud\system\View\View.php(210): include('D:\\xampp\\htdocs...')
#2 D:\xampp\htdocs\crud\system\View\View.php(213): CodeIgniter\View\View->CodeIgniter\View\{closure}()
#3 D:\xampp\htdocs\crud\system\Common.php(1089): CodeIgniter\View\View->render('albums/listar', Array, true)
#4 D:\xampp\htdocs\crud\app\Controllers\Home.php(10): view('albums/listar')
#5 D:\xampp\htdocs\crud\system\CodeIgniter.php(832): App\Controllers\Home->index()
#6 D:\xampp\htdocs\crud\system\CodeIgniter.php(419): CodeIgniter\CodeIgniter->runController(Object(App\Controllers\Home))
#7 D:\xampp\htdocs\crud\system\CodeIgniter.php(326): CodeIgniter\CodeIgniter->handleRequest(NULL, Object(Config\Cache), false)
#8 D:\xampp\htdocs\crud\index.php(37): CodeIgniter\CodeIgniter->run()
#9 {main}
CRITICAL - 2022-06-11 22:13:21 --> Undefined variable $header
#0 D:\xampp\htdocs\crud\app\Views\albums\listar.php(1): CodeIgniter\Debug\Exceptions->errorHandler(2, 'Undefined varia...', 'D:\\xampp\\htdocs...', 1)
#1 D:\xampp\htdocs\crud\system\View\View.php(210): include('D:\\xampp\\htdocs...')
#2 D:\xampp\htdocs\crud\system\View\View.php(213): CodeIgniter\View\View->CodeIgniter\View\{closure}()
#3 D:\xampp\htdocs\crud\system\Common.php(1089): CodeIgniter\View\View->render('albums/listar', Array, true)
#4 D:\xampp\htdocs\crud\app\Controllers\Home.php(10): view('albums/listar')
#5 D:\xampp\htdocs\crud\system\CodeIgniter.php(832): App\Controllers\Home->index()
#6 D:\xampp\htdocs\crud\system\CodeIgniter.php(419): CodeIgniter\CodeIgniter->runController(Object(App\Controllers\Home))
#7 D:\xampp\htdocs\crud\system\CodeIgniter.php(326): CodeIgniter\CodeIgniter->handleRequest(NULL, Object(Config\Cache), false)
#8 D:\xampp\htdocs\crud\index.php(37): CodeIgniter\CodeIgniter->run()
#9 {main}
