CRITICAL - 2022-06-10 01:09:15 --> Class "App\Models\Albums" not found
#0 D:\xampp\htdocs\crud\system\CodeIgniter.php(832): App\Controllers\Albumes->index()
#1 D:\xampp\htdocs\crud\system\CodeIgniter.php(419): CodeIgniter\CodeIgniter->runController(Object(App\Controllers\Albumes))
#2 D:\xampp\htdocs\crud\system\CodeIgniter.php(326): CodeIgniter\CodeIgniter->handleRequest(NULL, Object(Config\Cache), false)
#3 D:\xampp\htdocs\crud\index.php(37): CodeIgniter\CodeIgniter->run()
#4 {main}
CRITICAL - 2022-06-10 01:09:47 --> Class "App\Controllers\Album" not found
#0 D:\xampp\htdocs\crud\system\CodeIgniter.php(832): App\Controllers\Albumes->index()
#1 D:\xampp\htdocs\crud\system\CodeIgniter.php(419): CodeIgniter\CodeIgniter->runController(Object(App\Controllers\Albumes))
#2 D:\xampp\htdocs\crud\system\CodeIgniter.php(326): CodeIgniter\CodeIgniter->handleRequest(NULL, Object(Config\Cache), false)
#3 D:\xampp\htdocs\crud\index.php(37): CodeIgniter\CodeIgniter->run()
#4 {main}
CRITICAL - 2022-06-10 01:09:58 --> Call to undefined method App\Controllers\Albumes::orderBy()
#0 D:\xampp\htdocs\crud\system\CodeIgniter.php(832): App\Controllers\Albumes->index()
#1 D:\xampp\htdocs\crud\system\CodeIgniter.php(419): CodeIgniter\CodeIgniter->runController(Object(App\Controllers\Albumes))
#2 D:\xampp\htdocs\crud\system\CodeIgniter.php(326): CodeIgniter\CodeIgniter->handleRequest(NULL, Object(Config\Cache), false)
#3 D:\xampp\htdocs\crud\index.php(37): CodeIgniter\CodeIgniter->run()
#4 {main}
CRITICAL - 2022-06-10 01:10:22 --> Class "App\Models\Albums" not found
#0 D:\xampp\htdocs\crud\system\CodeIgniter.php(832): App\Controllers\Albumes->index()
#1 D:\xampp\htdocs\crud\system\CodeIgniter.php(419): CodeIgniter\CodeIgniter->runController(Object(App\Controllers\Albumes))
#2 D:\xampp\htdocs\crud\system\CodeIgniter.php(326): CodeIgniter\CodeIgniter->handleRequest(NULL, Object(Config\Cache), false)
#3 D:\xampp\htdocs\crud\index.php(37): CodeIgniter\CodeIgniter->run()
#4 {main}
CRITICAL - 2022-06-10 01:10:45 --> Class "App\Models\Album" not found
#0 D:\xampp\htdocs\crud\system\CodeIgniter.php(832): App\Controllers\Albumes->index()
#1 D:\xampp\htdocs\crud\system\CodeIgniter.php(419): CodeIgniter\CodeIgniter->runController(Object(App\Controllers\Albumes))
#2 D:\xampp\htdocs\crud\system\CodeIgniter.php(326): CodeIgniter\CodeIgniter->handleRequest(NULL, Object(Config\Cache), false)
#3 D:\xampp\htdocs\crud\index.php(37): CodeIgniter\CodeIgniter->run()
#4 {main}
CRITICAL - 2022-06-10 01:13:33 --> Class "App\Models\Album" not found
#0 D:\xampp\htdocs\crud\system\CodeIgniter.php(832): App\Controllers\Albumes->index()
#1 D:\xampp\htdocs\crud\system\CodeIgniter.php(419): CodeIgniter\CodeIgniter->runController(Object(App\Controllers\Albumes))
#2 D:\xampp\htdocs\crud\system\CodeIgniter.php(326): CodeIgniter\CodeIgniter->handleRequest(NULL, Object(Config\Cache), false)
#3 D:\xampp\htdocs\crud\index.php(37): CodeIgniter\CodeIgniter->run()
#4 {main}
ERROR - 2022-06-10 01:14:38 --> Error connecting to the database: Access denied for user '****'@'localhost' (using password: NO)
CRITICAL - 2022-06-10 01:14:38 --> Unable to connect to the database.
Main connection [MySQLi]: Access denied for user '****'@'localhost' (using password: NO)
#0 D:\xampp\htdocs\crud\system\Database\BaseConnection.php(577): CodeIgniter\Database\BaseConnection->initialize()
#1 D:\xampp\htdocs\crud\system\Database\BaseBuilder.php(1455): CodeIgniter\Database\BaseConnection->query('SELECT *\nFROM `...', Array, false)
#2 D:\xampp\htdocs\crud\system\Model.php(183): CodeIgniter\Database\BaseBuilder->get()
#3 D:\xampp\htdocs\crud\system\BaseModel.php(584): CodeIgniter\Model->doFindAll(0, 0)
#4 D:\xampp\htdocs\crud\app\Controllers\Albumes.php(9): CodeIgniter\BaseModel->findAll()
#5 D:\xampp\htdocs\crud\system\CodeIgniter.php(832): App\Controllers\Albumes->index()
#6 D:\xampp\htdocs\crud\system\CodeIgniter.php(419): CodeIgniter\CodeIgniter->runController(Object(App\Controllers\Albumes))
#7 D:\xampp\htdocs\crud\system\CodeIgniter.php(326): CodeIgniter\CodeIgniter->handleRequest(NULL, Object(Config\Cache), false)
#8 D:\xampp\htdocs\crud\index.php(37): CodeIgniter\CodeIgniter->run()
#9 {main}
ERROR - 2022-06-10 01:17:40 --> Error connecting to the database: Access denied for user '****'@'localhost' (using password: NO)
CRITICAL - 2022-06-10 01:17:40 --> Unable to connect to the database.
Main connection [MySQLi]: Access denied for user '****'@'localhost' (using password: NO)
#0 D:\xampp\htdocs\crud\system\Database\BaseConnection.php(577): CodeIgniter\Database\BaseConnection->initialize()
#1 D:\xampp\htdocs\crud\system\Database\BaseBuilder.php(1455): CodeIgniter\Database\BaseConnection->query('SELECT *\nFROM `...', Array, false)
#2 D:\xampp\htdocs\crud\system\Model.php(183): CodeIgniter\Database\BaseBuilder->get()
#3 D:\xampp\htdocs\crud\system\BaseModel.php(584): CodeIgniter\Model->doFindAll(0, 0)
#4 D:\xampp\htdocs\crud\app\Controllers\Albumes.php(9): CodeIgniter\BaseModel->findAll()
#5 D:\xampp\htdocs\crud\system\CodeIgniter.php(832): App\Controllers\Albumes->index()
#6 D:\xampp\htdocs\crud\system\CodeIgniter.php(419): CodeIgniter\CodeIgniter->runController(Object(App\Controllers\Albumes))
#7 D:\xampp\htdocs\crud\system\CodeIgniter.php(326): CodeIgniter\CodeIgniter->handleRequest(NULL, Object(Config\Cache), false)
#8 D:\xampp\htdocs\crud\index.php(37): CodeIgniter\CodeIgniter->run()
#9 {main}
ERROR - 2022-06-10 01:20:00 --> Error connecting to the database: Unknown database 'albums'
CRITICAL - 2022-06-10 01:20:00 --> Unable to connect to the database.
Main connection [MySQLi]: Unknown database 'albums'
#0 D:\xampp\htdocs\crud\system\Database\BaseConnection.php(577): CodeIgniter\Database\BaseConnection->initialize()
#1 D:\xampp\htdocs\crud\system\Database\BaseBuilder.php(1455): CodeIgniter\Database\BaseConnection->query('SELECT *\nFROM `...', Array, false)
#2 D:\xampp\htdocs\crud\system\Model.php(183): CodeIgniter\Database\BaseBuilder->get()
#3 D:\xampp\htdocs\crud\system\BaseModel.php(584): CodeIgniter\Model->doFindAll(0, 0)
#4 D:\xampp\htdocs\crud\app\Controllers\Albumes.php(9): CodeIgniter\BaseModel->findAll()
#5 D:\xampp\htdocs\crud\system\CodeIgniter.php(832): App\Controllers\Albumes->index()
#6 D:\xampp\htdocs\crud\system\CodeIgniter.php(419): CodeIgniter\CodeIgniter->runController(Object(App\Controllers\Albumes))
#7 D:\xampp\htdocs\crud\system\CodeIgniter.php(326): CodeIgniter\CodeIgniter->handleRequest(NULL, Object(Config\Cache), false)
#8 D:\xampp\htdocs\crud\index.php(37): CodeIgniter\CodeIgniter->run()
#9 {main}
ERROR - 2022-06-10 01:20:17 --> Error connecting to the database: Unknown database 'albums'
CRITICAL - 2022-06-10 01:20:17 --> Unable to connect to the database.
Main connection [MySQLi]: Unknown database 'albums'
#0 D:\xampp\htdocs\crud\system\Database\BaseConnection.php(577): CodeIgniter\Database\BaseConnection->initialize()
#1 D:\xampp\htdocs\crud\system\Database\BaseBuilder.php(1455): CodeIgniter\Database\BaseConnection->query('SELECT *\nFROM `...', Array, false)
#2 D:\xampp\htdocs\crud\system\Model.php(183): CodeIgniter\Database\BaseBuilder->get()
#3 D:\xampp\htdocs\crud\system\BaseModel.php(584): CodeIgniter\Model->doFindAll(0, 0)
#4 D:\xampp\htdocs\crud\app\Controllers\Albumes.php(9): CodeIgniter\BaseModel->findAll()
#5 D:\xampp\htdocs\crud\system\CodeIgniter.php(832): App\Controllers\Albumes->index()
#6 D:\xampp\htdocs\crud\system\CodeIgniter.php(419): CodeIgniter\CodeIgniter->runController(Object(App\Controllers\Albumes))
#7 D:\xampp\htdocs\crud\system\CodeIgniter.php(326): CodeIgniter\CodeIgniter->handleRequest(NULL, Object(Config\Cache), false)
#8 D:\xampp\htdocs\crud\index.php(37): CodeIgniter\CodeIgniter->run()
#9 {main}
ERROR - 2022-06-10 01:20:24 --> Error connecting to the database: Access denied for user '****'@'localhost' (using password: NO)
CRITICAL - 2022-06-10 01:20:24 --> Unable to connect to the database.
Main connection [MySQLi]: Access denied for user '****'@'localhost' (using password: NO)
#0 D:\xampp\htdocs\crud\system\Database\BaseConnection.php(577): CodeIgniter\Database\BaseConnection->initialize()
#1 D:\xampp\htdocs\crud\system\Database\BaseBuilder.php(1455): CodeIgniter\Database\BaseConnection->query('SELECT *\nFROM `...', Array, false)
#2 D:\xampp\htdocs\crud\system\Model.php(183): CodeIgniter\Database\BaseBuilder->get()
#3 D:\xampp\htdocs\crud\system\BaseModel.php(584): CodeIgniter\Model->doFindAll(0, 0)
#4 D:\xampp\htdocs\crud\app\Controllers\Albumes.php(9): CodeIgniter\BaseModel->findAll()
#5 D:\xampp\htdocs\crud\system\CodeIgniter.php(832): App\Controllers\Albumes->index()
#6 D:\xampp\htdocs\crud\system\CodeIgniter.php(419): CodeIgniter\CodeIgniter->runController(Object(App\Controllers\Albumes))
#7 D:\xampp\htdocs\crud\system\CodeIgniter.php(326): CodeIgniter\CodeIgniter->handleRequest(NULL, Object(Config\Cache), false)
#8 D:\xampp\htdocs\crud\index.php(37): CodeIgniter\CodeIgniter->run()
#9 {main}
ERROR - 2022-06-10 01:20:29 --> Error connecting to the database: Unknown database 'albums'
CRITICAL - 2022-06-10 01:20:29 --> Unable to connect to the database.
Main connection [MySQLi]: Unknown database 'albums'
#0 D:\xampp\htdocs\crud\system\Database\BaseConnection.php(577): CodeIgniter\Database\BaseConnection->initialize()
#1 D:\xampp\htdocs\crud\system\Database\BaseBuilder.php(1455): CodeIgniter\Database\BaseConnection->query('SELECT *\nFROM `...', Array, false)
#2 D:\xampp\htdocs\crud\system\Model.php(183): CodeIgniter\Database\BaseBuilder->get()
#3 D:\xampp\htdocs\crud\system\BaseModel.php(584): CodeIgniter\Model->doFindAll(0, 0)
#4 D:\xampp\htdocs\crud\app\Controllers\Albumes.php(9): CodeIgniter\BaseModel->findAll()
#5 D:\xampp\htdocs\crud\system\CodeIgniter.php(832): App\Controllers\Albumes->index()
#6 D:\xampp\htdocs\crud\system\CodeIgniter.php(419): CodeIgniter\CodeIgniter->runController(Object(App\Controllers\Albumes))
#7 D:\xampp\htdocs\crud\system\CodeIgniter.php(326): CodeIgniter\CodeIgniter->handleRequest(NULL, Object(Config\Cache), false)
#8 D:\xampp\htdocs\crud\index.php(37): CodeIgniter\CodeIgniter->run()
#9 {main}
