CRITICAL - 2022-06-12 00:16:29 --> Undefined variable $header
#0 D:\xampp\htdocs\crud\app\Views\albums\listar.php(1): CodeIgniter\Debug\Exceptions->errorHandler(2, 'Undefined varia...', 'D:\\xampp\\htdocs...', 1)
#1 D:\xampp\htdocs\crud\system\View\View.php(210): include('D:\\xampp\\htdocs...')
#2 D:\xampp\htdocs\crud\system\View\View.php(213): CodeIgniter\View\View->CodeIgniter\View\{closure}()
#3 D:\xampp\htdocs\crud\system\Common.php(1089): CodeIgniter\View\View->render('albums/listar', Array, true)
#4 D:\xampp\htdocs\crud\app\Controllers\Home.php(10): view('albums/listar')
#5 D:\xampp\htdocs\crud\system\CodeIgniter.php(832): App\Controllers\Home->index()
#6 D:\xampp\htdocs\crud\system\CodeIgniter.php(419): CodeIgniter\CodeIgniter->runController(Object(App\Controllers\Home))
#7 D:\xampp\htdocs\crud\system\CodeIgniter.php(326): CodeIgniter\CodeIgniter->handleRequest(NULL, Object(Config\Cache), false)
#8 D:\xampp\htdocs\crud\index.php(37): CodeIgniter\CodeIgniter->run()
#9 {main}
CRITICAL - 2022-06-12 00:16:36 --> Undefined variable $header
#0 D:\xampp\htdocs\crud\app\Views\albums\listar.php(1): CodeIgniter\Debug\Exceptions->errorHandler(2, 'Undefined varia...', 'D:\\xampp\\htdocs...', 1)
#1 D:\xampp\htdocs\crud\system\View\View.php(210): include('D:\\xampp\\htdocs...')
#2 D:\xampp\htdocs\crud\system\View\View.php(213): CodeIgniter\View\View->CodeIgniter\View\{closure}()
#3 D:\xampp\htdocs\crud\system\Common.php(1089): CodeIgniter\View\View->render('albums/listar', Array, true)
#4 D:\xampp\htdocs\crud\app\Controllers\Home.php(10): view('albums/listar')
#5 D:\xampp\htdocs\crud\system\CodeIgniter.php(832): App\Controllers\Home->index()
#6 D:\xampp\htdocs\crud\system\CodeIgniter.php(419): CodeIgniter\CodeIgniter->runController(Object(App\Controllers\Home))
#7 D:\xampp\htdocs\crud\system\CodeIgniter.php(326): CodeIgniter\CodeIgniter->handleRequest(NULL, Object(Config\Cache), false)
#8 D:\xampp\htdocs\crud\index.php(37): CodeIgniter\CodeIgniter->run()
#9 {main}
CRITICAL - 2022-06-12 00:16:37 --> Undefined variable $header
#0 D:\xampp\htdocs\crud\app\Views\albums\listar.php(1): CodeIgniter\Debug\Exceptions->errorHandler(2, 'Undefined varia...', 'D:\\xampp\\htdocs...', 1)
#1 D:\xampp\htdocs\crud\system\View\View.php(210): include('D:\\xampp\\htdocs...')
#2 D:\xampp\htdocs\crud\system\View\View.php(213): CodeIgniter\View\View->CodeIgniter\View\{closure}()
#3 D:\xampp\htdocs\crud\system\Common.php(1089): CodeIgniter\View\View->render('albums/listar', Array, true)
#4 D:\xampp\htdocs\crud\app\Controllers\Home.php(10): view('albums/listar')
#5 D:\xampp\htdocs\crud\system\CodeIgniter.php(832): App\Controllers\Home->index()
#6 D:\xampp\htdocs\crud\system\CodeIgniter.php(419): CodeIgniter\CodeIgniter->runController(Object(App\Controllers\Home))
#7 D:\xampp\htdocs\crud\system\CodeIgniter.php(326): CodeIgniter\CodeIgniter->handleRequest(NULL, Object(Config\Cache), false)
#8 D:\xampp\htdocs\crud\index.php(37): CodeIgniter\CodeIgniter->run()
#9 {main}
CRITICAL - 2022-06-12 00:16:37 --> Undefined variable $header
#0 D:\xampp\htdocs\crud\app\Views\albums\listar.php(1): CodeIgniter\Debug\Exceptions->errorHandler(2, 'Undefined varia...', 'D:\\xampp\\htdocs...', 1)
#1 D:\xampp\htdocs\crud\system\View\View.php(210): include('D:\\xampp\\htdocs...')
#2 D:\xampp\htdocs\crud\system\View\View.php(213): CodeIgniter\View\View->CodeIgniter\View\{closure}()
#3 D:\xampp\htdocs\crud\system\Common.php(1089): CodeIgniter\View\View->render('albums/listar', Array, true)
#4 D:\xampp\htdocs\crud\app\Controllers\Home.php(10): view('albums/listar')
#5 D:\xampp\htdocs\crud\system\CodeIgniter.php(832): App\Controllers\Home->index()
#6 D:\xampp\htdocs\crud\system\CodeIgniter.php(419): CodeIgniter\CodeIgniter->runController(Object(App\Controllers\Home))
#7 D:\xampp\htdocs\crud\system\CodeIgniter.php(326): CodeIgniter\CodeIgniter->handleRequest(NULL, Object(Config\Cache), false)
#8 D:\xampp\htdocs\crud\index.php(37): CodeIgniter\CodeIgniter->run()
#9 {main}
CRITICAL - 2022-06-12 00:16:38 --> Undefined variable $header
#0 D:\xampp\htdocs\crud\app\Views\albums\listar.php(1): CodeIgniter\Debug\Exceptions->errorHandler(2, 'Undefined varia...', 'D:\\xampp\\htdocs...', 1)
#1 D:\xampp\htdocs\crud\system\View\View.php(210): include('D:\\xampp\\htdocs...')
#2 D:\xampp\htdocs\crud\system\View\View.php(213): CodeIgniter\View\View->CodeIgniter\View\{closure}()
#3 D:\xampp\htdocs\crud\system\Common.php(1089): CodeIgniter\View\View->render('albums/listar', Array, true)
#4 D:\xampp\htdocs\crud\app\Controllers\Home.php(10): view('albums/listar')
#5 D:\xampp\htdocs\crud\system\CodeIgniter.php(832): App\Controllers\Home->index()
#6 D:\xampp\htdocs\crud\system\CodeIgniter.php(419): CodeIgniter\CodeIgniter->runController(Object(App\Controllers\Home))
#7 D:\xampp\htdocs\crud\system\CodeIgniter.php(326): CodeIgniter\CodeIgniter->handleRequest(NULL, Object(Config\Cache), false)
#8 D:\xampp\htdocs\crud\index.php(37): CodeIgniter\CodeIgniter->run()
#9 {main}
CRITICAL - 2022-06-12 00:16:39 --> Undefined variable $header
#0 D:\xampp\htdocs\crud\app\Views\albums\listar.php(1): CodeIgniter\Debug\Exceptions->errorHandler(2, 'Undefined varia...', 'D:\\xampp\\htdocs...', 1)
#1 D:\xampp\htdocs\crud\system\View\View.php(210): include('D:\\xampp\\htdocs...')
#2 D:\xampp\htdocs\crud\system\View\View.php(213): CodeIgniter\View\View->CodeIgniter\View\{closure}()
#3 D:\xampp\htdocs\crud\system\Common.php(1089): CodeIgniter\View\View->render('albums/listar', Array, true)
#4 D:\xampp\htdocs\crud\app\Controllers\Home.php(10): view('albums/listar')
#5 D:\xampp\htdocs\crud\system\CodeIgniter.php(832): App\Controllers\Home->index()
#6 D:\xampp\htdocs\crud\system\CodeIgniter.php(419): CodeIgniter\CodeIgniter->runController(Object(App\Controllers\Home))
#7 D:\xampp\htdocs\crud\system\CodeIgniter.php(326): CodeIgniter\CodeIgniter->handleRequest(NULL, Object(Config\Cache), false)
#8 D:\xampp\htdocs\crud\index.php(37): CodeIgniter\CodeIgniter->run()
#9 {main}
CRITICAL - 2022-06-12 00:16:40 --> Undefined variable $header
#0 D:\xampp\htdocs\crud\app\Views\albums\listar.php(1): CodeIgniter\Debug\Exceptions->errorHandler(2, 'Undefined varia...', 'D:\\xampp\\htdocs...', 1)
#1 D:\xampp\htdocs\crud\system\View\View.php(210): include('D:\\xampp\\htdocs...')
#2 D:\xampp\htdocs\crud\system\View\View.php(213): CodeIgniter\View\View->CodeIgniter\View\{closure}()
#3 D:\xampp\htdocs\crud\system\Common.php(1089): CodeIgniter\View\View->render('albums/listar', Array, true)
#4 D:\xampp\htdocs\crud\app\Controllers\Home.php(10): view('albums/listar')
#5 D:\xampp\htdocs\crud\system\CodeIgniter.php(832): App\Controllers\Home->index()
#6 D:\xampp\htdocs\crud\system\CodeIgniter.php(419): CodeIgniter\CodeIgniter->runController(Object(App\Controllers\Home))
#7 D:\xampp\htdocs\crud\system\CodeIgniter.php(326): CodeIgniter\CodeIgniter->handleRequest(NULL, Object(Config\Cache), false)
#8 D:\xampp\htdocs\crud\index.php(37): CodeIgniter\CodeIgniter->run()
#9 {main}
CRITICAL - 2022-06-12 00:16:40 --> Undefined variable $header
#0 D:\xampp\htdocs\crud\app\Views\albums\listar.php(1): CodeIgniter\Debug\Exceptions->errorHandler(2, 'Undefined varia...', 'D:\\xampp\\htdocs...', 1)
#1 D:\xampp\htdocs\crud\system\View\View.php(210): include('D:\\xampp\\htdocs...')
#2 D:\xampp\htdocs\crud\system\View\View.php(213): CodeIgniter\View\View->CodeIgniter\View\{closure}()
#3 D:\xampp\htdocs\crud\system\Common.php(1089): CodeIgniter\View\View->render('albums/listar', Array, true)
#4 D:\xampp\htdocs\crud\app\Controllers\Home.php(10): view('albums/listar')
#5 D:\xampp\htdocs\crud\system\CodeIgniter.php(832): App\Controllers\Home->index()
#6 D:\xampp\htdocs\crud\system\CodeIgniter.php(419): CodeIgniter\CodeIgniter->runController(Object(App\Controllers\Home))
#7 D:\xampp\htdocs\crud\system\CodeIgniter.php(326): CodeIgniter\CodeIgniter->handleRequest(NULL, Object(Config\Cache), false)
#8 D:\xampp\htdocs\crud\index.php(37): CodeIgniter\CodeIgniter->run()
#9 {main}
ERROR - 2022-06-12 00:54:20 --> Cannot add or update a child row: a foreign key constraint fails (`albumes`.`albums`, CONSTRAINT `genre_inter_relational_constraint` FOREIGN KEY (`genre_id`) REFERENCES `genres` (`id`) ON DELETE CASCADE ON UPDATE CASCADE)
CRITICAL - 2022-06-12 00:54:20 --> Cannot add or update a child row: a foreign key constraint fails (`albumes`.`albums`, CONSTRAINT `genre_inter_relational_constraint` FOREIGN KEY (`genre_id`) REFERENCES `genres` (`id`) ON DELETE CASCADE ON UPDATE CASCADE)
#0 D:\xampp\htdocs\crud\system\Database\MySQLi\Connection.php(292): mysqli->query('INSERT INTO `al...', 0)
#1 D:\xampp\htdocs\crud\system\Database\BaseConnection.php(670): CodeIgniter\Database\MySQLi\Connection->execute('INSERT INTO `al...')
#2 D:\xampp\htdocs\crud\system\Database\BaseConnection.php(598): CodeIgniter\Database\BaseConnection->simpleQuery('INSERT INTO `al...')
#3 D:\xampp\htdocs\crud\system\Database\BaseBuilder.php(1771): CodeIgniter\Database\BaseConnection->query('INSERT INTO `al...', Array, false)
#4 D:\xampp\htdocs\crud\system\Model.php(239): CodeIgniter\Database\BaseBuilder->insert()
#5 D:\xampp\htdocs\crud\system\BaseModel.php(738): CodeIgniter\Model->doInsert(Array)
#6 D:\xampp\htdocs\crud\system\Model.php(625): CodeIgniter\BaseModel->insert(Array, true)
#7 D:\xampp\htdocs\crud\app\Controllers\Albumes.php(27): CodeIgniter\Model->insert(Array)
#8 D:\xampp\htdocs\crud\system\CodeIgniter.php(832): App\Controllers\Albumes->guardar()
#9 D:\xampp\htdocs\crud\system\CodeIgniter.php(419): CodeIgniter\CodeIgniter->runController(Object(App\Controllers\Albumes))
#10 D:\xampp\htdocs\crud\system\CodeIgniter.php(326): CodeIgniter\CodeIgniter->handleRequest(NULL, Object(Config\Cache), false)
#11 D:\xampp\htdocs\crud\index.php(37): CodeIgniter\CodeIgniter->run()
#12 {main}
ERROR - 2022-06-12 00:55:14 --> Cannot add or update a child row: a foreign key constraint fails (`albumes`.`albums`, CONSTRAINT `genre_inter_relational_constraint` FOREIGN KEY (`genre_id`) REFERENCES `genres` (`id`) ON DELETE CASCADE ON UPDATE CASCADE)
CRITICAL - 2022-06-12 00:55:14 --> Cannot add or update a child row: a foreign key constraint fails (`albumes`.`albums`, CONSTRAINT `genre_inter_relational_constraint` FOREIGN KEY (`genre_id`) REFERENCES `genres` (`id`) ON DELETE CASCADE ON UPDATE CASCADE)
#0 D:\xampp\htdocs\crud\system\Database\MySQLi\Connection.php(292): mysqli->query('INSERT INTO `al...', 0)
#1 D:\xampp\htdocs\crud\system\Database\BaseConnection.php(670): CodeIgniter\Database\MySQLi\Connection->execute('INSERT INTO `al...')
#2 D:\xampp\htdocs\crud\system\Database\BaseConnection.php(598): CodeIgniter\Database\BaseConnection->simpleQuery('INSERT INTO `al...')
#3 D:\xampp\htdocs\crud\system\Database\BaseBuilder.php(1771): CodeIgniter\Database\BaseConnection->query('INSERT INTO `al...', Array, false)
#4 D:\xampp\htdocs\crud\system\Model.php(239): CodeIgniter\Database\BaseBuilder->insert()
#5 D:\xampp\htdocs\crud\system\BaseModel.php(738): CodeIgniter\Model->doInsert(Array)
#6 D:\xampp\htdocs\crud\system\Model.php(625): CodeIgniter\BaseModel->insert(Array, true)
#7 D:\xampp\htdocs\crud\app\Controllers\Albumes.php(27): CodeIgniter\Model->insert(Array)
#8 D:\xampp\htdocs\crud\system\CodeIgniter.php(832): App\Controllers\Albumes->guardar()
#9 D:\xampp\htdocs\crud\system\CodeIgniter.php(419): CodeIgniter\CodeIgniter->runController(Object(App\Controllers\Albumes))
#10 D:\xampp\htdocs\crud\system\CodeIgniter.php(326): CodeIgniter\CodeIgniter->handleRequest(NULL, Object(Config\Cache), false)
#11 D:\xampp\htdocs\crud\index.php(37): CodeIgniter\CodeIgniter->run()
#12 {main}
ERROR - 2022-06-12 00:56:50 --> Cannot add or update a child row: a foreign key constraint fails (`albumes`.`albums`, CONSTRAINT `genre_inter_relational_constraint` FOREIGN KEY (`genre_id`) REFERENCES `genres` (`id`) ON DELETE CASCADE ON UPDATE CASCADE)
CRITICAL - 2022-06-12 00:56:50 --> Cannot add or update a child row: a foreign key constraint fails (`albumes`.`albums`, CONSTRAINT `genre_inter_relational_constraint` FOREIGN KEY (`genre_id`) REFERENCES `genres` (`id`) ON DELETE CASCADE ON UPDATE CASCADE)
#0 D:\xampp\htdocs\crud\system\Database\MySQLi\Connection.php(292): mysqli->query('INSERT INTO `al...', 0)
#1 D:\xampp\htdocs\crud\system\Database\BaseConnection.php(670): CodeIgniter\Database\MySQLi\Connection->execute('INSERT INTO `al...')
#2 D:\xampp\htdocs\crud\system\Database\BaseConnection.php(598): CodeIgniter\Database\BaseConnection->simpleQuery('INSERT INTO `al...')
#3 D:\xampp\htdocs\crud\system\Database\BaseBuilder.php(1771): CodeIgniter\Database\BaseConnection->query('INSERT INTO `al...', Array, false)
#4 D:\xampp\htdocs\crud\system\Model.php(239): CodeIgniter\Database\BaseBuilder->insert()
#5 D:\xampp\htdocs\crud\system\BaseModel.php(738): CodeIgniter\Model->doInsert(Array)
#6 D:\xampp\htdocs\crud\system\Model.php(625): CodeIgniter\BaseModel->insert(Array, true)
#7 D:\xampp\htdocs\crud\app\Controllers\Albumes.php(28): CodeIgniter\Model->insert(Array)
#8 D:\xampp\htdocs\crud\system\CodeIgniter.php(832): App\Controllers\Albumes->guardar()
#9 D:\xampp\htdocs\crud\system\CodeIgniter.php(419): CodeIgniter\CodeIgniter->runController(Object(App\Controllers\Albumes))
#10 D:\xampp\htdocs\crud\system\CodeIgniter.php(326): CodeIgniter\CodeIgniter->handleRequest(NULL, Object(Config\Cache), false)
#11 D:\xampp\htdocs\crud\index.php(37): CodeIgniter\CodeIgniter->run()
#12 {main}
ERROR - 2022-06-12 00:59:11 --> Cannot add or update a child row: a foreign key constraint fails (`albumes`.`albums`, CONSTRAINT `genre_inter_relational_constraint` FOREIGN KEY (`genre_id`) REFERENCES `genres` (`id`) ON DELETE CASCADE ON UPDATE CASCADE)
CRITICAL - 2022-06-12 00:59:11 --> Cannot add or update a child row: a foreign key constraint fails (`albumes`.`albums`, CONSTRAINT `genre_inter_relational_constraint` FOREIGN KEY (`genre_id`) REFERENCES `genres` (`id`) ON DELETE CASCADE ON UPDATE CASCADE)
#0 D:\xampp\htdocs\crud\system\Database\MySQLi\Connection.php(292): mysqli->query('INSERT INTO `al...', 0)
#1 D:\xampp\htdocs\crud\system\Database\BaseConnection.php(670): CodeIgniter\Database\MySQLi\Connection->execute('INSERT INTO `al...')
#2 D:\xampp\htdocs\crud\system\Database\BaseConnection.php(598): CodeIgniter\Database\BaseConnection->simpleQuery('INSERT INTO `al...')
#3 D:\xampp\htdocs\crud\system\Database\BaseBuilder.php(1771): CodeIgniter\Database\BaseConnection->query('INSERT INTO `al...', Array, false)
#4 D:\xampp\htdocs\crud\system\Model.php(239): CodeIgniter\Database\BaseBuilder->insert()
#5 D:\xampp\htdocs\crud\system\BaseModel.php(738): CodeIgniter\Model->doInsert(Array)
#6 D:\xampp\htdocs\crud\system\Model.php(625): CodeIgniter\BaseModel->insert(Array, true)
#7 D:\xampp\htdocs\crud\app\Controllers\Albumes.php(29): CodeIgniter\Model->insert(Array)
#8 D:\xampp\htdocs\crud\system\CodeIgniter.php(832): App\Controllers\Albumes->guardar()
#9 D:\xampp\htdocs\crud\system\CodeIgniter.php(419): CodeIgniter\CodeIgniter->runController(Object(App\Controllers\Albumes))
#10 D:\xampp\htdocs\crud\system\CodeIgniter.php(326): CodeIgniter\CodeIgniter->handleRequest(NULL, Object(Config\Cache), false)
#11 D:\xampp\htdocs\crud\index.php(37): CodeIgniter\CodeIgniter->run()
#12 {main}
ERROR - 2022-06-12 00:59:48 --> Cannot add or update a child row: a foreign key constraint fails (`albumes`.`albums`, CONSTRAINT `genre_inter_relational_constraint` FOREIGN KEY (`genre_id`) REFERENCES `genres` (`id`) ON DELETE CASCADE ON UPDATE CASCADE)
CRITICAL - 2022-06-12 00:59:48 --> Cannot add or update a child row: a foreign key constraint fails (`albumes`.`albums`, CONSTRAINT `genre_inter_relational_constraint` FOREIGN KEY (`genre_id`) REFERENCES `genres` (`id`) ON DELETE CASCADE ON UPDATE CASCADE)
#0 D:\xampp\htdocs\crud\system\Database\MySQLi\Connection.php(292): mysqli->query('INSERT INTO `al...', 0)
#1 D:\xampp\htdocs\crud\system\Database\BaseConnection.php(670): CodeIgniter\Database\MySQLi\Connection->execute('INSERT INTO `al...')
#2 D:\xampp\htdocs\crud\system\Database\BaseConnection.php(598): CodeIgniter\Database\BaseConnection->simpleQuery('INSERT INTO `al...')
#3 D:\xampp\htdocs\crud\system\Database\BaseBuilder.php(1771): CodeIgniter\Database\BaseConnection->query('INSERT INTO `al...', Array, false)
#4 D:\xampp\htdocs\crud\system\Model.php(239): CodeIgniter\Database\BaseBuilder->insert()
#5 D:\xampp\htdocs\crud\system\BaseModel.php(738): CodeIgniter\Model->doInsert(Array)
#6 D:\xampp\htdocs\crud\system\Model.php(625): CodeIgniter\BaseModel->insert(Array, true)
#7 D:\xampp\htdocs\crud\app\Controllers\Albumes.php(29): CodeIgniter\Model->insert(Array)
#8 D:\xampp\htdocs\crud\system\CodeIgniter.php(832): App\Controllers\Albumes->guardar()
#9 D:\xampp\htdocs\crud\system\CodeIgniter.php(419): CodeIgniter\CodeIgniter->runController(Object(App\Controllers\Albumes))
#10 D:\xampp\htdocs\crud\system\CodeIgniter.php(326): CodeIgniter\CodeIgniter->handleRequest(NULL, Object(Config\Cache), false)
#11 D:\xampp\htdocs\crud\index.php(37): CodeIgniter\CodeIgniter->run()
#12 {main}
CRITICAL - 2022-06-12 20:48:37 --> Undefined variable $header
#0 D:\xampp\htdocs\crud\app\Views\albums\listar.php(1): CodeIgniter\Debug\Exceptions->errorHandler(2, 'Undefined varia...', 'D:\\xampp\\htdocs...', 1)
#1 D:\xampp\htdocs\crud\system\View\View.php(210): include('D:\\xampp\\htdocs...')
#2 D:\xampp\htdocs\crud\system\View\View.php(213): CodeIgniter\View\View->CodeIgniter\View\{closure}()
#3 D:\xampp\htdocs\crud\system\Common.php(1089): CodeIgniter\View\View->render('albums/listar', Array, true)
#4 D:\xampp\htdocs\crud\app\Controllers\Home.php(10): view('albums/listar')
#5 D:\xampp\htdocs\crud\system\CodeIgniter.php(832): App\Controllers\Home->index()
#6 D:\xampp\htdocs\crud\system\CodeIgniter.php(419): CodeIgniter\CodeIgniter->runController(Object(App\Controllers\Home))
#7 D:\xampp\htdocs\crud\system\CodeIgniter.php(326): CodeIgniter\CodeIgniter->handleRequest(NULL, Object(Config\Cache), false)
#8 D:\xampp\htdocs\crud\index.php(37): CodeIgniter\CodeIgniter->run()
#9 {main}
CRITICAL - 2022-06-12 21:04:24 --> Undefined variable $header
#0 D:\xampp\htdocs\crud\app\Views\albums\listar.php(1): CodeIgniter\Debug\Exceptions->errorHandler(2, 'Undefined varia...', 'D:\\xampp\\htdocs...', 1)
#1 D:\xampp\htdocs\crud\system\View\View.php(210): include('D:\\xampp\\htdocs...')
#2 D:\xampp\htdocs\crud\system\View\View.php(213): CodeIgniter\View\View->CodeIgniter\View\{closure}()
#3 D:\xampp\htdocs\crud\system\Common.php(1089): CodeIgniter\View\View->render('albums/listar', Array, true)
#4 D:\xampp\htdocs\crud\app\Controllers\Home.php(10): view('albums/listar')
#5 D:\xampp\htdocs\crud\system\CodeIgniter.php(832): App\Controllers\Home->index()
#6 D:\xampp\htdocs\crud\system\CodeIgniter.php(419): CodeIgniter\CodeIgniter->runController(Object(App\Controllers\Home))
#7 D:\xampp\htdocs\crud\system\CodeIgniter.php(326): CodeIgniter\CodeIgniter->handleRequest(NULL, Object(Config\Cache), false)
#8 D:\xampp\htdocs\crud\index.php(37): CodeIgniter\CodeIgniter->run()
#9 {main}
CRITICAL - 2022-06-12 21:18:46 --> Class "App\Controllers\Album" not found
#0 D:\xampp\htdocs\crud\system\CodeIgniter.php(832): App\Controllers\Genres->index()
#1 D:\xampp\htdocs\crud\system\CodeIgniter.php(419): CodeIgniter\CodeIgniter->runController(Object(App\Controllers\Genres))
#2 D:\xampp\htdocs\crud\system\CodeIgniter.php(326): CodeIgniter\CodeIgniter->handleRequest(NULL, Object(Config\Cache), false)
#3 D:\xampp\htdocs\crud\index.php(37): CodeIgniter\CodeIgniter->run()
#4 {main}
CRITICAL - 2022-06-12 21:37:52 --> Class "App\Controllers\Album" not found
#0 D:\xampp\htdocs\crud\system\CodeIgniter.php(832): App\Controllers\Genres->index()
#1 D:\xampp\htdocs\crud\system\CodeIgniter.php(419): CodeIgniter\CodeIgniter->runController(Object(App\Controllers\Genres))
#2 D:\xampp\htdocs\crud\system\CodeIgniter.php(326): CodeIgniter\CodeIgniter->handleRequest(NULL, Object(Config\Cache), false)
#3 D:\xampp\htdocs\crud\index.php(37): CodeIgniter\CodeIgniter->run()
#4 {main}
CRITICAL - 2022-06-12 21:38:23 --> Undefined variable $albums
#0 D:\xampp\htdocs\crud\app\Views\genres\listar.php(13): CodeIgniter\Debug\Exceptions->errorHandler(2, 'Undefined varia...', 'D:\\xampp\\htdocs...', 13)
#1 D:\xampp\htdocs\crud\system\View\View.php(210): include('D:\\xampp\\htdocs...')
#2 D:\xampp\htdocs\crud\system\View\View.php(213): CodeIgniter\View\View->CodeIgniter\View\{closure}()
#3 D:\xampp\htdocs\crud\system\Common.php(1089): CodeIgniter\View\View->render('genres/listar', Array, true)
#4 D:\xampp\htdocs\crud\app\Controllers\Genres.php(12): view('genres/listar', Array)
#5 D:\xampp\htdocs\crud\system\CodeIgniter.php(832): App\Controllers\Genres->index()
#6 D:\xampp\htdocs\crud\system\CodeIgniter.php(419): CodeIgniter\CodeIgniter->runController(Object(App\Controllers\Genres))
#7 D:\xampp\htdocs\crud\system\CodeIgniter.php(326): CodeIgniter\CodeIgniter->handleRequest(NULL, Object(Config\Cache), false)
#8 D:\xampp\htdocs\crud\index.php(37): CodeIgniter\CodeIgniter->run()
#9 {main}
CRITICAL - 2022-06-12 21:42:38 --> Undefined variable $genres
#0 D:\xampp\htdocs\crud\app\Views\genres\listar.php(11): CodeIgniter\Debug\Exceptions->errorHandler(2, 'Undefined varia...', 'D:\\xampp\\htdocs...', 11)
#1 D:\xampp\htdocs\crud\system\View\View.php(210): include('D:\\xampp\\htdocs...')
#2 D:\xampp\htdocs\crud\system\View\View.php(213): CodeIgniter\View\View->CodeIgniter\View\{closure}()
#3 D:\xampp\htdocs\crud\system\Common.php(1089): CodeIgniter\View\View->render('genres/listar', Array, true)
#4 D:\xampp\htdocs\crud\app\Controllers\Genres.php(18): view('genres/listar', Array)
#5 D:\xampp\htdocs\crud\system\CodeIgniter.php(832): App\Controllers\Genres->agregar()
#6 D:\xampp\htdocs\crud\system\CodeIgniter.php(419): CodeIgniter\CodeIgniter->runController(Object(App\Controllers\Genres))
#7 D:\xampp\htdocs\crud\system\CodeIgniter.php(326): CodeIgniter\CodeIgniter->handleRequest(NULL, Object(Config\Cache), false)
#8 D:\xampp\htdocs\crud\index.php(37): CodeIgniter\CodeIgniter->run()
#9 {main}
CRITICAL - 2022-06-12 21:44:40 --> Undefined variable $genres
#0 D:\xampp\htdocs\crud\app\Views\genres\listar.php(11): CodeIgniter\Debug\Exceptions->errorHandler(2, 'Undefined varia...', 'D:\\xampp\\htdocs...', 11)
#1 D:\xampp\htdocs\crud\system\View\View.php(210): include('D:\\xampp\\htdocs...')
#2 D:\xampp\htdocs\crud\system\View\View.php(213): CodeIgniter\View\View->CodeIgniter\View\{closure}()
#3 D:\xampp\htdocs\crud\system\Common.php(1089): CodeIgniter\View\View->render('genres/listar', Array, true)
#4 D:\xampp\htdocs\crud\app\Controllers\Genres.php(18): view('genres/listar', Array)
#5 D:\xampp\htdocs\crud\system\CodeIgniter.php(832): App\Controllers\Genres->agregar()
#6 D:\xampp\htdocs\crud\system\CodeIgniter.php(419): CodeIgniter\CodeIgniter->runController(Object(App\Controllers\Genres))
#7 D:\xampp\htdocs\crud\system\CodeIgniter.php(326): CodeIgniter\CodeIgniter->handleRequest(NULL, Object(Config\Cache), false)
#8 D:\xampp\htdocs\crud\index.php(37): CodeIgniter\CodeIgniter->run()
#9 {main}
CRITICAL - 2022-06-12 21:47:59 --> Undefined variable $genres
#0 D:\xampp\htdocs\crud\app\Views\genres\listar.php(11): CodeIgniter\Debug\Exceptions->errorHandler(2, 'Undefined varia...', 'D:\\xampp\\htdocs...', 11)
#1 D:\xampp\htdocs\crud\system\View\View.php(210): include('D:\\xampp\\htdocs...')
#2 D:\xampp\htdocs\crud\system\View\View.php(213): CodeIgniter\View\View->CodeIgniter\View\{closure}()
#3 D:\xampp\htdocs\crud\system\Common.php(1089): CodeIgniter\View\View->render('genres/listar', Array, true)
#4 D:\xampp\htdocs\crud\app\Controllers\Genres.php(18): view('genres/listar', Array)
#5 D:\xampp\htdocs\crud\system\CodeIgniter.php(832): App\Controllers\Genres->agregar()
#6 D:\xampp\htdocs\crud\system\CodeIgniter.php(419): CodeIgniter\CodeIgniter->runController(Object(App\Controllers\Genres))
#7 D:\xampp\htdocs\crud\system\CodeIgniter.php(326): CodeIgniter\CodeIgniter->handleRequest(NULL, Object(Config\Cache), false)
#8 D:\xampp\htdocs\crud\index.php(37): CodeIgniter\CodeIgniter->run()
#9 {main}
CRITICAL - 2022-06-12 21:50:13 --> Class "App\Controllers\Album" not found
#0 D:\xampp\htdocs\crud\system\CodeIgniter.php(832): App\Controllers\Genres->guardar()
#1 D:\xampp\htdocs\crud\system\CodeIgniter.php(419): CodeIgniter\CodeIgniter->runController(Object(App\Controllers\Genres))
#2 D:\xampp\htdocs\crud\system\CodeIgniter.php(326): CodeIgniter\CodeIgniter->handleRequest(NULL, Object(Config\Cache), false)
#3 D:\xampp\htdocs\crud\index.php(37): CodeIgniter\CodeIgniter->run()
#4 {main}
CRITICAL - 2022-06-12 21:50:48 --> Undefined variable $album
#0 D:\xampp\htdocs\crud\app\Controllers\Genres.php(27): CodeIgniter\Debug\Exceptions->errorHandler(2, 'Undefined varia...', 'D:\\xampp\\htdocs...', 27)
#1 D:\xampp\htdocs\crud\system\CodeIgniter.php(832): App\Controllers\Genres->guardar()
#2 D:\xampp\htdocs\crud\system\CodeIgniter.php(419): CodeIgniter\CodeIgniter->runController(Object(App\Controllers\Genres))
#3 D:\xampp\htdocs\crud\system\CodeIgniter.php(326): CodeIgniter\CodeIgniter->handleRequest(NULL, Object(Config\Cache), false)
#4 D:\xampp\htdocs\crud\index.php(37): CodeIgniter\CodeIgniter->run()
#5 {main}
CRITICAL - 2022-06-12 21:51:46 --> Undefined variable $genres
#0 D:\xampp\htdocs\crud\app\Views\genres\listar.php(11): CodeIgniter\Debug\Exceptions->errorHandler(2, 'Undefined varia...', 'D:\\xampp\\htdocs...', 11)
#1 D:\xampp\htdocs\crud\system\View\View.php(210): include('D:\\xampp\\htdocs...')
#2 D:\xampp\htdocs\crud\system\View\View.php(213): CodeIgniter\View\View->CodeIgniter\View\{closure}()
#3 D:\xampp\htdocs\crud\system\Common.php(1089): CodeIgniter\View\View->render('genres/listar', Array, true)
#4 D:\xampp\htdocs\crud\app\Controllers\Genres.php(18): view('genres/listar', Array)
#5 D:\xampp\htdocs\crud\system\CodeIgniter.php(832): App\Controllers\Genres->agregar()
#6 D:\xampp\htdocs\crud\system\CodeIgniter.php(419): CodeIgniter\CodeIgniter->runController(Object(App\Controllers\Genres))
#7 D:\xampp\htdocs\crud\system\CodeIgniter.php(326): CodeIgniter\CodeIgniter->handleRequest(NULL, Object(Config\Cache), false)
#8 D:\xampp\htdocs\crud\index.php(37): CodeIgniter\CodeIgniter->run()
#9 {main}
CRITICAL - 2022-06-12 21:53:19 --> Undefined variable $genres
#0 D:\xampp\htdocs\crud\app\Views\genres\listar.php(11): CodeIgniter\Debug\Exceptions->errorHandler(2, 'Undefined varia...', 'D:\\xampp\\htdocs...', 11)
#1 D:\xampp\htdocs\crud\system\View\View.php(210): include('D:\\xampp\\htdocs...')
#2 D:\xampp\htdocs\crud\system\View\View.php(213): CodeIgniter\View\View->CodeIgniter\View\{closure}()
#3 D:\xampp\htdocs\crud\system\Common.php(1089): CodeIgniter\View\View->render('genres/listar', Array, true)
#4 D:\xampp\htdocs\crud\app\Controllers\Genres.php(18): view('genres/listar', Array)
#5 D:\xampp\htdocs\crud\system\CodeIgniter.php(832): App\Controllers\Genres->agregar()
#6 D:\xampp\htdocs\crud\system\CodeIgniter.php(419): CodeIgniter\CodeIgniter->runController(Object(App\Controllers\Genres))
#7 D:\xampp\htdocs\crud\system\CodeIgniter.php(326): CodeIgniter\CodeIgniter->handleRequest(NULL, Object(Config\Cache), false)
#8 D:\xampp\htdocs\crud\index.php(37): CodeIgniter\CodeIgniter->run()
#9 {main}
CRITICAL - 2022-06-12 21:54:14 --> Undefined variable $genres
#0 D:\xampp\htdocs\crud\app\Views\genres\listar.php(11): CodeIgniter\Debug\Exceptions->errorHandler(2, 'Undefined varia...', 'D:\\xampp\\htdocs...', 11)
#1 D:\xampp\htdocs\crud\system\View\View.php(210): include('D:\\xampp\\htdocs...')
#2 D:\xampp\htdocs\crud\system\View\View.php(213): CodeIgniter\View\View->CodeIgniter\View\{closure}()
#3 D:\xampp\htdocs\crud\system\Common.php(1089): CodeIgniter\View\View->render('genres/listar', Array, true)
#4 D:\xampp\htdocs\crud\app\Controllers\Genres.php(18): view('genres/listar', Array)
#5 D:\xampp\htdocs\crud\system\CodeIgniter.php(832): App\Controllers\Genres->agregar()
#6 D:\xampp\htdocs\crud\system\CodeIgniter.php(419): CodeIgniter\CodeIgniter->runController(Object(App\Controllers\Genres))
#7 D:\xampp\htdocs\crud\system\CodeIgniter.php(326): CodeIgniter\CodeIgniter->handleRequest(NULL, Object(Config\Cache), false)
#8 D:\xampp\htdocs\crud\index.php(37): CodeIgniter\CodeIgniter->run()
#9 {main}
CRITICAL - 2022-06-12 21:54:33 --> Undefined variable $genres
#0 D:\xampp\htdocs\crud\app\Views\genres\listar.php(11): CodeIgniter\Debug\Exceptions->errorHandler(2, 'Undefined varia...', 'D:\\xampp\\htdocs...', 11)
#1 D:\xampp\htdocs\crud\system\View\View.php(210): include('D:\\xampp\\htdocs...')
#2 D:\xampp\htdocs\crud\system\View\View.php(213): CodeIgniter\View\View->CodeIgniter\View\{closure}()
#3 D:\xampp\htdocs\crud\system\Common.php(1089): CodeIgniter\View\View->render('genres/listar', Array, true)
#4 D:\xampp\htdocs\crud\app\Controllers\Genres.php(18): view('genres/listar', Array)
#5 D:\xampp\htdocs\crud\system\CodeIgniter.php(832): App\Controllers\Genres->agregar()
#6 D:\xampp\htdocs\crud\system\CodeIgniter.php(419): CodeIgniter\CodeIgniter->runController(Object(App\Controllers\Genres))
#7 D:\xampp\htdocs\crud\system\CodeIgniter.php(326): CodeIgniter\CodeIgniter->handleRequest(NULL, Object(Config\Cache), false)
#8 D:\xampp\htdocs\crud\index.php(37): CodeIgniter\CodeIgniter->run()
#9 {main}
CRITICAL - 2022-06-12 21:54:59 --> Undefined variable $genre
#0 D:\xampp\htdocs\crud\app\Views\genres\listar.php(11): CodeIgniter\Debug\Exceptions->errorHandler(2, 'Undefined varia...', 'D:\\xampp\\htdocs...', 11)
#1 D:\xampp\htdocs\crud\system\View\View.php(210): include('D:\\xampp\\htdocs...')
#2 D:\xampp\htdocs\crud\system\View\View.php(213): CodeIgniter\View\View->CodeIgniter\View\{closure}()
#3 D:\xampp\htdocs\crud\system\Common.php(1089): CodeIgniter\View\View->render('genres/listar', Array, true)
#4 D:\xampp\htdocs\crud\app\Controllers\Genres.php(18): view('genres/listar', Array)
#5 D:\xampp\htdocs\crud\system\CodeIgniter.php(832): App\Controllers\Genres->agregar()
#6 D:\xampp\htdocs\crud\system\CodeIgniter.php(419): CodeIgniter\CodeIgniter->runController(Object(App\Controllers\Genres))
#7 D:\xampp\htdocs\crud\system\CodeIgniter.php(326): CodeIgniter\CodeIgniter->handleRequest(NULL, Object(Config\Cache), false)
#8 D:\xampp\htdocs\crud\index.php(37): CodeIgniter\CodeIgniter->run()
#9 {main}
CRITICAL - 2022-06-12 21:55:06 --> Undefined variable $genre
#0 D:\xampp\htdocs\crud\app\Views\genres\listar.php(11): CodeIgniter\Debug\Exceptions->errorHandler(2, 'Undefined varia...', 'D:\\xampp\\htdocs...', 11)
#1 D:\xampp\htdocs\crud\system\View\View.php(210): include('D:\\xampp\\htdocs...')
#2 D:\xampp\htdocs\crud\system\View\View.php(213): CodeIgniter\View\View->CodeIgniter\View\{closure}()
#3 D:\xampp\htdocs\crud\system\Common.php(1089): CodeIgniter\View\View->render('genres/listar', Array, true)
#4 D:\xampp\htdocs\crud\app\Controllers\Genres.php(18): view('genres/listar', Array)
#5 D:\xampp\htdocs\crud\system\CodeIgniter.php(832): App\Controllers\Genres->agregar()
#6 D:\xampp\htdocs\crud\system\CodeIgniter.php(419): CodeIgniter\CodeIgniter->runController(Object(App\Controllers\Genres))
#7 D:\xampp\htdocs\crud\system\CodeIgniter.php(326): CodeIgniter\CodeIgniter->handleRequest(NULL, Object(Config\Cache), false)
#8 D:\xampp\htdocs\crud\index.php(37): CodeIgniter\CodeIgniter->run()
#9 {main}
ERROR - 2022-06-12 21:55:39 --> Duplicate entry 'Back In Black' for key 'name'
CRITICAL - 2022-06-12 21:55:39 --> Duplicate entry 'Back In Black' for key 'name'
#0 D:\xampp\htdocs\crud\system\Database\MySQLi\Connection.php(292): mysqli->query('INSERT INTO `ge...', 0)
#1 D:\xampp\htdocs\crud\system\Database\BaseConnection.php(670): CodeIgniter\Database\MySQLi\Connection->execute('INSERT INTO `ge...')
#2 D:\xampp\htdocs\crud\system\Database\BaseConnection.php(598): CodeIgniter\Database\BaseConnection->simpleQuery('INSERT INTO `ge...')
#3 D:\xampp\htdocs\crud\system\Database\BaseBuilder.php(1771): CodeIgniter\Database\BaseConnection->query('INSERT INTO `ge...', Array, false)
#4 D:\xampp\htdocs\crud\system\Model.php(239): CodeIgniter\Database\BaseBuilder->insert()
#5 D:\xampp\htdocs\crud\system\BaseModel.php(738): CodeIgniter\Model->doInsert(Array)
#6 D:\xampp\htdocs\crud\system\Model.php(625): CodeIgniter\BaseModel->insert(Array, true)
#7 D:\xampp\htdocs\crud\app\Controllers\Genres.php(27): CodeIgniter\Model->insert(Array)
#8 D:\xampp\htdocs\crud\system\CodeIgniter.php(832): App\Controllers\Genres->guardar()
#9 D:\xampp\htdocs\crud\system\CodeIgniter.php(419): CodeIgniter\CodeIgniter->runController(Object(App\Controllers\Genres))
#10 D:\xampp\htdocs\crud\system\CodeIgniter.php(326): CodeIgniter\CodeIgniter->handleRequest(NULL, Object(Config\Cache), false)
#11 D:\xampp\htdocs\crud\index.php(37): CodeIgniter\CodeIgniter->run()
#12 {main}
CRITICAL - 2022-06-12 21:57:30 --> Undefined variable $genres
#0 D:\xampp\htdocs\crud\app\Views\genres\listar.php(11): CodeIgniter\Debug\Exceptions->errorHandler(2, 'Undefined varia...', 'D:\\xampp\\htdocs...', 11)
#1 D:\xampp\htdocs\crud\system\View\View.php(210): include('D:\\xampp\\htdocs...')
#2 D:\xampp\htdocs\crud\system\View\View.php(213): CodeIgniter\View\View->CodeIgniter\View\{closure}()
#3 D:\xampp\htdocs\crud\system\Common.php(1089): CodeIgniter\View\View->render('genres/listar', Array, true)
#4 D:\xampp\htdocs\crud\app\Controllers\Genres.php(18): view('genres/listar', Array)
#5 D:\xampp\htdocs\crud\system\CodeIgniter.php(832): App\Controllers\Genres->agregar()
#6 D:\xampp\htdocs\crud\system\CodeIgniter.php(419): CodeIgniter\CodeIgniter->runController(Object(App\Controllers\Genres))
#7 D:\xampp\htdocs\crud\system\CodeIgniter.php(326): CodeIgniter\CodeIgniter->handleRequest(NULL, Object(Config\Cache), false)
#8 D:\xampp\htdocs\crud\index.php(37): CodeIgniter\CodeIgniter->run()
#9 {main}
