CRITICAL - 2022-06-13 13:53:20 --> Undefined variable $genre
#0 D:\xampp\htdocs\crud\app\Views\albums\listar.php(21): CodeIgniter\Debug\Exceptions->errorHandler(2, 'Undefined varia...', 'D:\\xampp\\htdocs...', 21)
#1 D:\xampp\htdocs\crud\system\View\View.php(210): include('D:\\xampp\\htdocs...')
#2 D:\xampp\htdocs\crud\system\View\View.php(213): CodeIgniter\View\View->CodeIgniter\View\{closure}()
#3 D:\xampp\htdocs\crud\system\Common.php(1089): CodeIgniter\View\View->render('albums/listar', Array, true)
#4 D:\xampp\htdocs\crud\app\Controllers\Albumes.php(12): view('albums/listar', Array)
#5 D:\xampp\htdocs\crud\system\CodeIgniter.php(832): App\Controllers\Albumes->index()
#6 D:\xampp\htdocs\crud\system\CodeIgniter.php(419): CodeIgniter\CodeIgniter->runController(Object(App\Controllers\Albumes))
#7 D:\xampp\htdocs\crud\system\CodeIgniter.php(326): CodeIgniter\CodeIgniter->handleRequest(NULL, Object(Config\Cache), false)
#8 D:\xampp\htdocs\crud\index.php(37): CodeIgniter\CodeIgniter->run()
#9 {main}
CRITICAL - 2022-06-13 14:11:11 --> Undefined variable $libro
#0 D:\xampp\htdocs\crud\app\Controllers\Genres.php(33): CodeIgniter\Debug\Exceptions->errorHandler(2, 'Undefined varia...', 'D:\\xampp\\htdocs...', 33)
#1 D:\xampp\htdocs\crud\system\CodeIgniter.php(832): App\Controllers\Genres->borrar('25')
#2 D:\xampp\htdocs\crud\system\CodeIgniter.php(419): CodeIgniter\CodeIgniter->runController(Object(App\Controllers\Genres))
#3 D:\xampp\htdocs\crud\system\CodeIgniter.php(326): CodeIgniter\CodeIgniter->handleRequest(NULL, Object(Config\Cache), false)
#4 D:\xampp\htdocs\crud\index.php(37): CodeIgniter\CodeIgniter->run()
#5 {main}
CRITICAL - 2022-06-13 20:38:33 --> Undefined variable $header
#0 D:\xampp\htdocs\crud\app\Views\genres\editar.php(1): CodeIgniter\Debug\Exceptions->errorHandler(2, 'Undefined varia...', 'D:\\xampp\\htdocs...', 1)
#1 D:\xampp\htdocs\crud\system\View\View.php(210): include('D:\\xampp\\htdocs...')
#2 D:\xampp\htdocs\crud\system\View\View.php(213): CodeIgniter\View\View->CodeIgniter\View\{closure}()
#3 D:\xampp\htdocs\crud\system\Common.php(1089): CodeIgniter\View\View->render('genres/editar', Array, true)
#4 D:\xampp\htdocs\crud\app\Controllers\Genres.php(37): view('genres/editar')
#5 D:\xampp\htdocs\crud\system\CodeIgniter.php(832): App\Controllers\Genres->editar('1')
#6 D:\xampp\htdocs\crud\system\CodeIgniter.php(419): CodeIgniter\CodeIgniter->runController(Object(App\Controllers\Genres))
#7 D:\xampp\htdocs\crud\system\CodeIgniter.php(326): CodeIgniter\CodeIgniter->handleRequest(NULL, Object(Config\Cache), false)
#8 D:\xampp\htdocs\crud\index.php(37): CodeIgniter\CodeIgniter->run()
#9 {main}
CRITICAL - 2022-06-13 22:37:07 --> Undefined variable $album
#0 D:\xampp\htdocs\crud\app\Views\albums\editar.php(2): CodeIgniter\Debug\Exceptions->errorHandler(2, 'Undefined varia...', 'D:\\xampp\\htdocs...', 2)
#1 D:\xampp\htdocs\crud\system\View\View.php(210): include('D:\\xampp\\htdocs...')
#2 D:\xampp\htdocs\crud\system\View\View.php(213): CodeIgniter\View\View->CodeIgniter\View\{closure}()
#3 D:\xampp\htdocs\crud\system\Common.php(1089): CodeIgniter\View\View->render('albums/editar', Array, true)
#4 D:\xampp\htdocs\crud\app\Controllers\Albumes.php(43): view('albums/editar', Array)
#5 D:\xampp\htdocs\crud\system\CodeIgniter.php(832): App\Controllers\Albumes->editar('18')
#6 D:\xampp\htdocs\crud\system\CodeIgniter.php(419): CodeIgniter\CodeIgniter->runController(Object(App\Controllers\Albumes))
#7 D:\xampp\htdocs\crud\system\CodeIgniter.php(326): CodeIgniter\CodeIgniter->handleRequest(NULL, Object(Config\Cache), false)
#8 D:\xampp\htdocs\crud\index.php(37): CodeIgniter\CodeIgniter->run()
#9 {main}
CRITICAL - 2022-06-13 22:37:18 --> Undefined variable $album
#0 D:\xampp\htdocs\crud\app\Views\albums\editar.php(2): CodeIgniter\Debug\Exceptions->errorHandler(2, 'Undefined varia...', 'D:\\xampp\\htdocs...', 2)
#1 D:\xampp\htdocs\crud\system\View\View.php(210): include('D:\\xampp\\htdocs...')
#2 D:\xampp\htdocs\crud\system\View\View.php(213): CodeIgniter\View\View->CodeIgniter\View\{closure}()
#3 D:\xampp\htdocs\crud\system\Common.php(1089): CodeIgniter\View\View->render('albums/editar', Array, true)
#4 D:\xampp\htdocs\crud\app\Controllers\Albumes.php(43): view('albums/editar', Array)
#5 D:\xampp\htdocs\crud\system\CodeIgniter.php(832): App\Controllers\Albumes->editar('18')
#6 D:\xampp\htdocs\crud\system\CodeIgniter.php(419): CodeIgniter\CodeIgniter->runController(Object(App\Controllers\Albumes))
#7 D:\xampp\htdocs\crud\system\CodeIgniter.php(326): CodeIgniter\CodeIgniter->handleRequest(NULL, Object(Config\Cache), false)
#8 D:\xampp\htdocs\crud\index.php(37): CodeIgniter\CodeIgniter->run()
#9 {main}
CRITICAL - 2022-06-13 22:40:09 --> Unterminated comment starting line 38
#0 D:\xampp\htdocs\crud\system\Autoloader\Autoloader.php(241): CodeIgniter\Autoloader\Autoloader->includeFile('D:\\xampp\\htdocs...')
#1 D:\xampp\htdocs\crud\system\Autoloader\Autoloader.php(219): CodeIgniter\Autoloader\Autoloader->loadInNamespace('App\\Controllers...')
#2 [internal function]: CodeIgniter\Autoloader\Autoloader->loadClass('App\\Controllers...')
#3 D:\xampp\htdocs\crud\system\CodeIgniter.php(797): class_exists('\\App\\Controller...', true)
#4 D:\xampp\htdocs\crud\system\CodeIgniter.php(406): CodeIgniter\CodeIgniter->startController()
#5 D:\xampp\htdocs\crud\system\CodeIgniter.php(326): CodeIgniter\CodeIgniter->handleRequest(NULL, Object(Config\Cache), false)
#6 D:\xampp\htdocs\crud\index.php(37): CodeIgniter\CodeIgniter->run()
#7 {main}
CRITICAL - 2022-06-13 22:42:15 --> Undefined variable $header
#0 D:\xampp\htdocs\crud\app\Views\genres\editar.php(1): CodeIgniter\Debug\Exceptions->errorHandler(2, 'Undefined varia...', 'D:\\xampp\\htdocs...', 1)
#1 D:\xampp\htdocs\crud\system\View\View.php(210): include('D:\\xampp\\htdocs...')
#2 D:\xampp\htdocs\crud\system\View\View.php(213): CodeIgniter\View\View->CodeIgniter\View\{closure}()
#3 D:\xampp\htdocs\crud\system\Common.php(1089): CodeIgniter\View\View->render('genres/editar', Array, true)
#4 D:\xampp\htdocs\crud\app\Controllers\Genres.php(41): view('genres/editar')
#5 D:\xampp\htdocs\crud\system\CodeIgniter.php(832): App\Controllers\Genres->editar('1')
#6 D:\xampp\htdocs\crud\system\CodeIgniter.php(419): CodeIgniter\CodeIgniter->runController(Object(App\Controllers\Genres))
#7 D:\xampp\htdocs\crud\system\CodeIgniter.php(326): CodeIgniter\CodeIgniter->handleRequest(NULL, Object(Config\Cache), false)
#8 D:\xampp\htdocs\crud\index.php(37): CodeIgniter\CodeIgniter->run()
#9 {main}
CRITICAL - 2022-06-13 22:42:18 --> Undefined variable $header
#0 D:\xampp\htdocs\crud\app\Views\genres\editar.php(1): CodeIgniter\Debug\Exceptions->errorHandler(2, 'Undefined varia...', 'D:\\xampp\\htdocs...', 1)
#1 D:\xampp\htdocs\crud\system\View\View.php(210): include('D:\\xampp\\htdocs...')
#2 D:\xampp\htdocs\crud\system\View\View.php(213): CodeIgniter\View\View->CodeIgniter\View\{closure}()
#3 D:\xampp\htdocs\crud\system\Common.php(1089): CodeIgniter\View\View->render('genres/editar', Array, true)
#4 D:\xampp\htdocs\crud\app\Controllers\Genres.php(41): view('genres/editar')
#5 D:\xampp\htdocs\crud\system\CodeIgniter.php(832): App\Controllers\Genres->editar('1')
#6 D:\xampp\htdocs\crud\system\CodeIgniter.php(419): CodeIgniter\CodeIgniter->runController(Object(App\Controllers\Genres))
#7 D:\xampp\htdocs\crud\system\CodeIgniter.php(326): CodeIgniter\CodeIgniter->handleRequest(NULL, Object(Config\Cache), false)
#8 D:\xampp\htdocs\crud\index.php(37): CodeIgniter\CodeIgniter->run()
#9 {main}
CRITICAL - 2022-06-13 22:45:37 --> Undefined variable $genre
#0 D:\xampp\htdocs\crud\app\Views\genres\editar.php(2): CodeIgniter\Debug\Exceptions->errorHandler(2, 'Undefined varia...', 'D:\\xampp\\htdocs...', 2)
#1 D:\xampp\htdocs\crud\system\View\View.php(210): include('D:\\xampp\\htdocs...')
#2 D:\xampp\htdocs\crud\system\View\View.php(213): CodeIgniter\View\View->CodeIgniter\View\{closure}()
#3 D:\xampp\htdocs\crud\system\Common.php(1089): CodeIgniter\View\View->render('genres/editar', Array, true)
#4 D:\xampp\htdocs\crud\app\Controllers\Genres.php(41): view('genres/editar', Array)
#5 D:\xampp\htdocs\crud\system\CodeIgniter.php(832): App\Controllers\Genres->editar('1')
#6 D:\xampp\htdocs\crud\system\CodeIgniter.php(419): CodeIgniter\CodeIgniter->runController(Object(App\Controllers\Genres))
#7 D:\xampp\htdocs\crud\system\CodeIgniter.php(326): CodeIgniter\CodeIgniter->handleRequest(NULL, Object(Config\Cache), false)
#8 D:\xampp\htdocs\crud\index.php(37): CodeIgniter\CodeIgniter->run()
#9 {main}
CRITICAL - 2022-06-13 22:46:43 --> Undefined variable $genre
#0 D:\xampp\htdocs\crud\app\Views\genres\editar.php(3): CodeIgniter\Debug\Exceptions->errorHandler(2, 'Undefined varia...', 'D:\\xampp\\htdocs...', 3)
#1 D:\xampp\htdocs\crud\system\View\View.php(210): include('D:\\xampp\\htdocs...')
#2 D:\xampp\htdocs\crud\system\View\View.php(213): CodeIgniter\View\View->CodeIgniter\View\{closure}()
#3 D:\xampp\htdocs\crud\system\Common.php(1089): CodeIgniter\View\View->render('genres/editar', Array, true)
#4 D:\xampp\htdocs\crud\app\Controllers\Genres.php(41): view('genres/editar', Array)
#5 D:\xampp\htdocs\crud\system\CodeIgniter.php(832): App\Controllers\Genres->editar('1')
#6 D:\xampp\htdocs\crud\system\CodeIgniter.php(419): CodeIgniter\CodeIgniter->runController(Object(App\Controllers\Genres))
#7 D:\xampp\htdocs\crud\system\CodeIgniter.php(326): CodeIgniter\CodeIgniter->handleRequest(NULL, Object(Config\Cache), false)
#8 D:\xampp\htdocs\crud\index.php(37): CodeIgniter\CodeIgniter->run()
#9 {main}
CRITICAL - 2022-06-13 22:47:54 --> Undefined variable $albumes
#0 D:\xampp\htdocs\crud\app\Views\albums\editar.php(3): CodeIgniter\Debug\Exceptions->errorHandler(2, 'Undefined varia...', 'D:\\xampp\\htdocs...', 3)
#1 D:\xampp\htdocs\crud\system\View\View.php(210): include('D:\\xampp\\htdocs...')
#2 D:\xampp\htdocs\crud\system\View\View.php(213): CodeIgniter\View\View->CodeIgniter\View\{closure}()
#3 D:\xampp\htdocs\crud\system\Common.php(1089): CodeIgniter\View\View->render('albums/editar', Array, true)
#4 D:\xampp\htdocs\crud\app\Controllers\Albumes.php(43): view('albums/editar', Array)
#5 D:\xampp\htdocs\crud\system\CodeIgniter.php(832): App\Controllers\Albumes->editar('2')
#6 D:\xampp\htdocs\crud\system\CodeIgniter.php(419): CodeIgniter\CodeIgniter->runController(Object(App\Controllers\Albumes))
#7 D:\xampp\htdocs\crud\system\CodeIgniter.php(326): CodeIgniter\CodeIgniter->handleRequest(NULL, Object(Config\Cache), false)
#8 D:\xampp\htdocs\crud\index.php(37): CodeIgniter\CodeIgniter->run()
#9 {main}
CRITICAL - 2022-06-13 22:50:32 --> Trying to access array offset on value of type null
#0 D:\xampp\htdocs\crud\app\Views\albums\editar.php(13): CodeIgniter\Debug\Exceptions->errorHandler(2, 'Trying to acces...', 'D:\\xampp\\htdocs...', 13)
#1 D:\xampp\htdocs\crud\system\View\View.php(210): include('D:\\xampp\\htdocs...')
#2 D:\xampp\htdocs\crud\system\View\View.php(213): CodeIgniter\View\View->CodeIgniter\View\{closure}()
#3 D:\xampp\htdocs\crud\system\Common.php(1089): CodeIgniter\View\View->render('albums/editar', Array, true)
#4 D:\xampp\htdocs\crud\app\Controllers\Albumes.php(42): view('albums/editar', Array)
#5 D:\xampp\htdocs\crud\system\CodeIgniter.php(832): App\Controllers\Albumes->editar('headphones.ico')
#6 D:\xampp\htdocs\crud\system\CodeIgniter.php(419): CodeIgniter\CodeIgniter->runController(Object(App\Controllers\Albumes))
#7 D:\xampp\htdocs\crud\system\CodeIgniter.php(326): CodeIgniter\CodeIgniter->handleRequest(NULL, Object(Config\Cache), false)
#8 D:\xampp\htdocs\crud\index.php(37): CodeIgniter\CodeIgniter->run()
#9 {main}
CRITICAL - 2022-06-13 22:51:30 --> Trying to access array offset on value of type null
#0 D:\xampp\htdocs\crud\app\Views\albums\editar.php(13): CodeIgniter\Debug\Exceptions->errorHandler(2, 'Trying to acces...', 'D:\\xampp\\htdocs...', 13)
#1 D:\xampp\htdocs\crud\system\View\View.php(210): include('D:\\xampp\\htdocs...')
#2 D:\xampp\htdocs\crud\system\View\View.php(213): CodeIgniter\View\View->CodeIgniter\View\{closure}()
#3 D:\xampp\htdocs\crud\system\Common.php(1089): CodeIgniter\View\View->render('albums/editar', Array, true)
#4 D:\xampp\htdocs\crud\app\Controllers\Albumes.php(42): view('albums/editar', Array)
#5 D:\xampp\htdocs\crud\system\CodeIgniter.php(832): App\Controllers\Albumes->editar('headphones.ico')
#6 D:\xampp\htdocs\crud\system\CodeIgniter.php(419): CodeIgniter\CodeIgniter->runController(Object(App\Controllers\Albumes))
#7 D:\xampp\htdocs\crud\system\CodeIgniter.php(326): CodeIgniter\CodeIgniter->handleRequest(NULL, Object(Config\Cache), false)
#8 D:\xampp\htdocs\crud\index.php(37): CodeIgniter\CodeIgniter->run()
#9 {main}
CRITICAL - 2022-06-13 22:52:07 --> Trying to access array offset on value of type null
#0 D:\xampp\htdocs\crud\app\Views\albums\editar.php(13): CodeIgniter\Debug\Exceptions->errorHandler(2, 'Trying to acces...', 'D:\\xampp\\htdocs...', 13)
#1 D:\xampp\htdocs\crud\system\View\View.php(210): include('D:\\xampp\\htdocs...')
#2 D:\xampp\htdocs\crud\system\View\View.php(213): CodeIgniter\View\View->CodeIgniter\View\{closure}()
#3 D:\xampp\htdocs\crud\system\Common.php(1089): CodeIgniter\View\View->render('albums/editar', Array, true)
#4 D:\xampp\htdocs\crud\app\Controllers\Albumes.php(42): view('albums/editar', Array)
#5 D:\xampp\htdocs\crud\system\CodeIgniter.php(832): App\Controllers\Albumes->editar('headphones.ico')
#6 D:\xampp\htdocs\crud\system\CodeIgniter.php(419): CodeIgniter\CodeIgniter->runController(Object(App\Controllers\Albumes))
#7 D:\xampp\htdocs\crud\system\CodeIgniter.php(326): CodeIgniter\CodeIgniter->handleRequest(NULL, Object(Config\Cache), false)
#8 D:\xampp\htdocs\crud\index.php(37): CodeIgniter\CodeIgniter->run()
#9 {main}
CRITICAL - 2022-06-13 22:54:13 --> Trying to access array offset on value of type null
#0 D:\xampp\htdocs\crud\app\Views\albums\editar.php(11): CodeIgniter\Debug\Exceptions->errorHandler(2, 'Trying to acces...', 'D:\\xampp\\htdocs...', 11)
#1 D:\xampp\htdocs\crud\system\View\View.php(210): include('D:\\xampp\\htdocs...')
#2 D:\xampp\htdocs\crud\system\View\View.php(213): CodeIgniter\View\View->CodeIgniter\View\{closure}()
#3 D:\xampp\htdocs\crud\system\Common.php(1089): CodeIgniter\View\View->render('albums/editar', Array, true)
#4 D:\xampp\htdocs\crud\app\Controllers\Albumes.php(42): view('albums/editar', Array)
#5 D:\xampp\htdocs\crud\system\CodeIgniter.php(832): App\Controllers\Albumes->editar('headphones.ico')
#6 D:\xampp\htdocs\crud\system\CodeIgniter.php(419): CodeIgniter\CodeIgniter->runController(Object(App\Controllers\Albumes))
#7 D:\xampp\htdocs\crud\system\CodeIgniter.php(326): CodeIgniter\CodeIgniter->handleRequest(NULL, Object(Config\Cache), false)
#8 D:\xampp\htdocs\crud\index.php(37): CodeIgniter\CodeIgniter->run()
#9 {main}
CRITICAL - 2022-06-13 22:54:15 --> Trying to access array offset on value of type null
#0 D:\xampp\htdocs\crud\app\Views\albums\editar.php(11): CodeIgniter\Debug\Exceptions->errorHandler(2, 'Trying to acces...', 'D:\\xampp\\htdocs...', 11)
#1 D:\xampp\htdocs\crud\system\View\View.php(210): include('D:\\xampp\\htdocs...')
#2 D:\xampp\htdocs\crud\system\View\View.php(213): CodeIgniter\View\View->CodeIgniter\View\{closure}()
#3 D:\xampp\htdocs\crud\system\Common.php(1089): CodeIgniter\View\View->render('albums/editar', Array, true)
#4 D:\xampp\htdocs\crud\app\Controllers\Albumes.php(42): view('albums/editar', Array)
#5 D:\xampp\htdocs\crud\system\CodeIgniter.php(832): App\Controllers\Albumes->editar('headphones.ico')
#6 D:\xampp\htdocs\crud\system\CodeIgniter.php(419): CodeIgniter\CodeIgniter->runController(Object(App\Controllers\Albumes))
#7 D:\xampp\htdocs\crud\system\CodeIgniter.php(326): CodeIgniter\CodeIgniter->handleRequest(NULL, Object(Config\Cache), false)
#8 D:\xampp\htdocs\crud\index.php(37): CodeIgniter\CodeIgniter->run()
#9 {main}
CRITICAL - 2022-06-13 22:54:20 --> Trying to access array offset on value of type null
#0 D:\xampp\htdocs\crud\app\Views\albums\editar.php(11): CodeIgniter\Debug\Exceptions->errorHandler(2, 'Trying to acces...', 'D:\\xampp\\htdocs...', 11)
#1 D:\xampp\htdocs\crud\system\View\View.php(210): include('D:\\xampp\\htdocs...')
#2 D:\xampp\htdocs\crud\system\View\View.php(213): CodeIgniter\View\View->CodeIgniter\View\{closure}()
#3 D:\xampp\htdocs\crud\system\Common.php(1089): CodeIgniter\View\View->render('albums/editar', Array, true)
#4 D:\xampp\htdocs\crud\app\Controllers\Albumes.php(42): view('albums/editar', Array)
#5 D:\xampp\htdocs\crud\system\CodeIgniter.php(832): App\Controllers\Albumes->editar('headphones.ico')
#6 D:\xampp\htdocs\crud\system\CodeIgniter.php(419): CodeIgniter\CodeIgniter->runController(Object(App\Controllers\Albumes))
#7 D:\xampp\htdocs\crud\system\CodeIgniter.php(326): CodeIgniter\CodeIgniter->handleRequest(NULL, Object(Config\Cache), false)
#8 D:\xampp\htdocs\crud\index.php(37): CodeIgniter\CodeIgniter->run()
#9 {main}
CRITICAL - 2022-06-13 22:54:29 --> Trying to access array offset on value of type null
#0 D:\xampp\htdocs\crud\app\Views\albums\editar.php(11): CodeIgniter\Debug\Exceptions->errorHandler(2, 'Trying to acces...', 'D:\\xampp\\htdocs...', 11)
#1 D:\xampp\htdocs\crud\system\View\View.php(210): include('D:\\xampp\\htdocs...')
#2 D:\xampp\htdocs\crud\system\View\View.php(213): CodeIgniter\View\View->CodeIgniter\View\{closure}()
#3 D:\xampp\htdocs\crud\system\Common.php(1089): CodeIgniter\View\View->render('albums/editar', Array, true)
#4 D:\xampp\htdocs\crud\app\Controllers\Albumes.php(42): view('albums/editar', Array)
#5 D:\xampp\htdocs\crud\system\CodeIgniter.php(832): App\Controllers\Albumes->editar('headphones.ico')
#6 D:\xampp\htdocs\crud\system\CodeIgniter.php(419): CodeIgniter\CodeIgniter->runController(Object(App\Controllers\Albumes))
#7 D:\xampp\htdocs\crud\system\CodeIgniter.php(326): CodeIgniter\CodeIgniter->handleRequest(NULL, Object(Config\Cache), false)
#8 D:\xampp\htdocs\crud\index.php(37): CodeIgniter\CodeIgniter->run()
#9 {main}
CRITICAL - 2022-06-13 22:56:47 --> Trying to access array offset on value of type null
#0 D:\xampp\htdocs\crud\app\Views\genres\editar.php(8): CodeIgniter\Debug\Exceptions->errorHandler(2, 'Trying to acces...', 'D:\\xampp\\htdocs...', 8)
#1 D:\xampp\htdocs\crud\system\View\View.php(210): include('D:\\xampp\\htdocs...')
#2 D:\xampp\htdocs\crud\system\View\View.php(213): CodeIgniter\View\View->CodeIgniter\View\{closure}()
#3 D:\xampp\htdocs\crud\system\Common.php(1089): CodeIgniter\View\View->render('genres/editar', Array, true)
#4 D:\xampp\htdocs\crud\app\Controllers\Genres.php(40): view('genres/editar', Array)
#5 D:\xampp\htdocs\crud\system\CodeIgniter.php(832): App\Controllers\Genres->editar('headphones.ico')
#6 D:\xampp\htdocs\crud\system\CodeIgniter.php(419): CodeIgniter\CodeIgniter->runController(Object(App\Controllers\Genres))
#7 D:\xampp\htdocs\crud\system\CodeIgniter.php(326): CodeIgniter\CodeIgniter->handleRequest(NULL, Object(Config\Cache), false)
#8 D:\xampp\htdocs\crud\index.php(37): CodeIgniter\CodeIgniter->run()
#9 {main}
CRITICAL - 2022-06-13 22:56:57 --> Trying to access array offset on value of type null
#0 D:\xampp\htdocs\crud\app\Views\genres\editar.php(8): CodeIgniter\Debug\Exceptions->errorHandler(2, 'Trying to acces...', 'D:\\xampp\\htdocs...', 8)
#1 D:\xampp\htdocs\crud\system\View\View.php(210): include('D:\\xampp\\htdocs...')
#2 D:\xampp\htdocs\crud\system\View\View.php(213): CodeIgniter\View\View->CodeIgniter\View\{closure}()
#3 D:\xampp\htdocs\crud\system\Common.php(1089): CodeIgniter\View\View->render('genres/editar', Array, true)
#4 D:\xampp\htdocs\crud\app\Controllers\Genres.php(40): view('genres/editar', Array)
#5 D:\xampp\htdocs\crud\system\CodeIgniter.php(832): App\Controllers\Genres->editar('headphones.ico')
#6 D:\xampp\htdocs\crud\system\CodeIgniter.php(419): CodeIgniter\CodeIgniter->runController(Object(App\Controllers\Genres))
#7 D:\xampp\htdocs\crud\system\CodeIgniter.php(326): CodeIgniter\CodeIgniter->handleRequest(NULL, Object(Config\Cache), false)
#8 D:\xampp\htdocs\crud\index.php(37): CodeIgniter\CodeIgniter->run()
#9 {main}
CRITICAL - 2022-06-13 23:05:00 --> Trying to access array offset on value of type null
#0 D:\xampp\htdocs\crud\app\Views\genres\editar.php(8): CodeIgniter\Debug\Exceptions->errorHandler(2, 'Trying to acces...', 'D:\\xampp\\htdocs...', 8)
#1 D:\xampp\htdocs\crud\system\View\View.php(210): include('D:\\xampp\\htdocs...')
#2 D:\xampp\htdocs\crud\system\View\View.php(213): CodeIgniter\View\View->CodeIgniter\View\{closure}()
#3 D:\xampp\htdocs\crud\system\Common.php(1089): CodeIgniter\View\View->render('genres/editar', Array, true)
#4 D:\xampp\htdocs\crud\app\Controllers\Genres.php(40): view('genres/editar', Array)
#5 D:\xampp\htdocs\crud\system\CodeIgniter.php(832): App\Controllers\Genres->editar('headphones.ico')
#6 D:\xampp\htdocs\crud\system\CodeIgniter.php(419): CodeIgniter\CodeIgniter->runController(Object(App\Controllers\Genres))
#7 D:\xampp\htdocs\crud\system\CodeIgniter.php(326): CodeIgniter\CodeIgniter->handleRequest(NULL, Object(Config\Cache), false)
#8 D:\xampp\htdocs\crud\index.php(37): CodeIgniter\CodeIgniter->run()
#9 {main}
CRITICAL - 2022-06-13 23:05:12 --> Trying to access array offset on value of type null
#0 D:\xampp\htdocs\crud\app\Views\genres\editar.php(8): CodeIgniter\Debug\Exceptions->errorHandler(2, 'Trying to acces...', 'D:\\xampp\\htdocs...', 8)
#1 D:\xampp\htdocs\crud\system\View\View.php(210): include('D:\\xampp\\htdocs...')
#2 D:\xampp\htdocs\crud\system\View\View.php(213): CodeIgniter\View\View->CodeIgniter\View\{closure}()
#3 D:\xampp\htdocs\crud\system\Common.php(1089): CodeIgniter\View\View->render('genres/editar', Array, true)
#4 D:\xampp\htdocs\crud\app\Controllers\Genres.php(40): view('genres/editar', Array)
#5 D:\xampp\htdocs\crud\system\CodeIgniter.php(832): App\Controllers\Genres->editar('headphones.ico')
#6 D:\xampp\htdocs\crud\system\CodeIgniter.php(419): CodeIgniter\CodeIgniter->runController(Object(App\Controllers\Genres))
#7 D:\xampp\htdocs\crud\system\CodeIgniter.php(326): CodeIgniter\CodeIgniter->handleRequest(NULL, Object(Config\Cache), false)
#8 D:\xampp\htdocs\crud\index.php(37): CodeIgniter\CodeIgniter->run()
#9 {main}
CRITICAL - 2022-06-13 23:05:54 --> Trying to access array offset on value of type null
#0 D:\xampp\htdocs\crud\app\Views\genres\editar.php(8): CodeIgniter\Debug\Exceptions->errorHandler(2, 'Trying to acces...', 'D:\\xampp\\htdocs...', 8)
#1 D:\xampp\htdocs\crud\system\View\View.php(210): include('D:\\xampp\\htdocs...')
#2 D:\xampp\htdocs\crud\system\View\View.php(213): CodeIgniter\View\View->CodeIgniter\View\{closure}()
#3 D:\xampp\htdocs\crud\system\Common.php(1089): CodeIgniter\View\View->render('genres/editar', Array, true)
#4 D:\xampp\htdocs\crud\app\Controllers\Genres.php(40): view('genres/editar', Array)
#5 D:\xampp\htdocs\crud\system\CodeIgniter.php(832): App\Controllers\Genres->editar('headphones.ico')
#6 D:\xampp\htdocs\crud\system\CodeIgniter.php(419): CodeIgniter\CodeIgniter->runController(Object(App\Controllers\Genres))
#7 D:\xampp\htdocs\crud\system\CodeIgniter.php(326): CodeIgniter\CodeIgniter->handleRequest(NULL, Object(Config\Cache), false)
#8 D:\xampp\htdocs\crud\index.php(37): CodeIgniter\CodeIgniter->run()
#9 {main}
CRITICAL - 2022-06-13 23:06:05 --> Trying to access array offset on value of type null
#0 D:\xampp\htdocs\crud\app\Views\genres\editar.php(8): CodeIgniter\Debug\Exceptions->errorHandler(2, 'Trying to acces...', 'D:\\xampp\\htdocs...', 8)
#1 D:\xampp\htdocs\crud\system\View\View.php(210): include('D:\\xampp\\htdocs...')
#2 D:\xampp\htdocs\crud\system\View\View.php(213): CodeIgniter\View\View->CodeIgniter\View\{closure}()
#3 D:\xampp\htdocs\crud\system\Common.php(1089): CodeIgniter\View\View->render('genres/editar', Array, true)
#4 D:\xampp\htdocs\crud\app\Controllers\Genres.php(40): view('genres/editar', Array)
#5 D:\xampp\htdocs\crud\system\CodeIgniter.php(832): App\Controllers\Genres->editar('headphones.ico')
#6 D:\xampp\htdocs\crud\system\CodeIgniter.php(419): CodeIgniter\CodeIgniter->runController(Object(App\Controllers\Genres))
#7 D:\xampp\htdocs\crud\system\CodeIgniter.php(326): CodeIgniter\CodeIgniter->handleRequest(NULL, Object(Config\Cache), false)
#8 D:\xampp\htdocs\crud\index.php(37): CodeIgniter\CodeIgniter->run()
#9 {main}
CRITICAL - 2022-06-13 23:06:42 --> Trying to access array offset on value of type null
#0 D:\xampp\htdocs\crud\app\Views\genres\editar.php(8): CodeIgniter\Debug\Exceptions->errorHandler(2, 'Trying to acces...', 'D:\\xampp\\htdocs...', 8)
#1 D:\xampp\htdocs\crud\system\View\View.php(210): include('D:\\xampp\\htdocs...')
#2 D:\xampp\htdocs\crud\system\View\View.php(213): CodeIgniter\View\View->CodeIgniter\View\{closure}()
#3 D:\xampp\htdocs\crud\system\Common.php(1089): CodeIgniter\View\View->render('genres/editar', Array, true)
#4 D:\xampp\htdocs\crud\app\Controllers\Genres.php(40): view('genres/editar', Array)
#5 D:\xampp\htdocs\crud\system\CodeIgniter.php(832): App\Controllers\Genres->editar('headphones.ico')
#6 D:\xampp\htdocs\crud\system\CodeIgniter.php(419): CodeIgniter\CodeIgniter->runController(Object(App\Controllers\Genres))
#7 D:\xampp\htdocs\crud\system\CodeIgniter.php(326): CodeIgniter\CodeIgniter->handleRequest(NULL, Object(Config\Cache), false)
#8 D:\xampp\htdocs\crud\index.php(37): CodeIgniter\CodeIgniter->run()
#9 {main}
CRITICAL - 2022-06-13 23:06:44 --> Trying to access array offset on value of type null
#0 D:\xampp\htdocs\crud\app\Views\genres\editar.php(8): CodeIgniter\Debug\Exceptions->errorHandler(2, 'Trying to acces...', 'D:\\xampp\\htdocs...', 8)
#1 D:\xampp\htdocs\crud\system\View\View.php(210): include('D:\\xampp\\htdocs...')
#2 D:\xampp\htdocs\crud\system\View\View.php(213): CodeIgniter\View\View->CodeIgniter\View\{closure}()
#3 D:\xampp\htdocs\crud\system\Common.php(1089): CodeIgniter\View\View->render('genres/editar', Array, true)
#4 D:\xampp\htdocs\crud\app\Controllers\Genres.php(40): view('genres/editar', Array)
#5 D:\xampp\htdocs\crud\system\CodeIgniter.php(832): App\Controllers\Genres->editar('headphones.ico')
#6 D:\xampp\htdocs\crud\system\CodeIgniter.php(419): CodeIgniter\CodeIgniter->runController(Object(App\Controllers\Genres))
#7 D:\xampp\htdocs\crud\system\CodeIgniter.php(326): CodeIgniter\CodeIgniter->handleRequest(NULL, Object(Config\Cache), false)
#8 D:\xampp\htdocs\crud\index.php(37): CodeIgniter\CodeIgniter->run()
#9 {main}
CRITICAL - 2022-06-13 23:06:46 --> Trying to access array offset on value of type null
#0 D:\xampp\htdocs\crud\app\Views\genres\editar.php(8): CodeIgniter\Debug\Exceptions->errorHandler(2, 'Trying to acces...', 'D:\\xampp\\htdocs...', 8)
#1 D:\xampp\htdocs\crud\system\View\View.php(210): include('D:\\xampp\\htdocs...')
#2 D:\xampp\htdocs\crud\system\View\View.php(213): CodeIgniter\View\View->CodeIgniter\View\{closure}()
#3 D:\xampp\htdocs\crud\system\Common.php(1089): CodeIgniter\View\View->render('genres/editar', Array, true)
#4 D:\xampp\htdocs\crud\app\Controllers\Genres.php(40): view('genres/editar', Array)
#5 D:\xampp\htdocs\crud\system\CodeIgniter.php(832): App\Controllers\Genres->editar('headphones.ico')
#6 D:\xampp\htdocs\crud\system\CodeIgniter.php(419): CodeIgniter\CodeIgniter->runController(Object(App\Controllers\Genres))
#7 D:\xampp\htdocs\crud\system\CodeIgniter.php(326): CodeIgniter\CodeIgniter->handleRequest(NULL, Object(Config\Cache), false)
#8 D:\xampp\htdocs\crud\index.php(37): CodeIgniter\CodeIgniter->run()
#9 {main}
CRITICAL - 2022-06-13 23:08:11 --> Trying to access array offset on value of type null
#0 D:\xampp\htdocs\crud\app\Views\albums\editar.php(8): CodeIgniter\Debug\Exceptions->errorHandler(2, 'Trying to acces...', 'D:\\xampp\\htdocs...', 8)
#1 D:\xampp\htdocs\crud\system\View\View.php(210): include('D:\\xampp\\htdocs...')
#2 D:\xampp\htdocs\crud\system\View\View.php(213): CodeIgniter\View\View->CodeIgniter\View\{closure}()
#3 D:\xampp\htdocs\crud\system\Common.php(1089): CodeIgniter\View\View->render('albums/editar', Array, true)
#4 D:\xampp\htdocs\crud\app\Controllers\Albumes.php(42): view('albums/editar', Array)
#5 D:\xampp\htdocs\crud\system\CodeIgniter.php(832): App\Controllers\Albumes->editar('headphones.ico')
#6 D:\xampp\htdocs\crud\system\CodeIgniter.php(419): CodeIgniter\CodeIgniter->runController(Object(App\Controllers\Albumes))
#7 D:\xampp\htdocs\crud\system\CodeIgniter.php(326): CodeIgniter\CodeIgniter->handleRequest(NULL, Object(Config\Cache), false)
#8 D:\xampp\htdocs\crud\index.php(37): CodeIgniter\CodeIgniter->run()
#9 {main}
CRITICAL - 2022-06-13 23:08:21 --> Undefined property: App\Controllers\Albumes::$requuest
#0 D:\xampp\htdocs\crud\app\Controllers\Albumes.php(51): CodeIgniter\Debug\Exceptions->errorHandler(2, 'Undefined prope...', 'D:\\xampp\\htdocs...', 51)
#1 D:\xampp\htdocs\crud\system\CodeIgniter.php(832): App\Controllers\Albumes->actualizar()
#2 D:\xampp\htdocs\crud\system\CodeIgniter.php(419): CodeIgniter\CodeIgniter->runController(Object(App\Controllers\Albumes))
#3 D:\xampp\htdocs\crud\system\CodeIgniter.php(326): CodeIgniter\CodeIgniter->handleRequest(NULL, Object(Config\Cache), false)
#4 D:\xampp\htdocs\crud\index.php(37): CodeIgniter\CodeIgniter->run()
#5 {main}
CRITICAL - 2022-06-13 23:08:34 --> Undefined variable $header
#0 D:\xampp\htdocs\crud\app\Views\albums\listar.php(1): CodeIgniter\Debug\Exceptions->errorHandler(2, 'Undefined varia...', 'D:\\xampp\\htdocs...', 1)
#1 D:\xampp\htdocs\crud\system\View\View.php(210): include('D:\\xampp\\htdocs...')
#2 D:\xampp\htdocs\crud\system\View\View.php(213): CodeIgniter\View\View->CodeIgniter\View\{closure}()
#3 D:\xampp\htdocs\crud\system\Common.php(1089): CodeIgniter\View\View->render('albums/listar', Array, true)
#4 D:\xampp\htdocs\crud\app\Controllers\Albumes.php(53): view('albums/listar', Array)
#5 D:\xampp\htdocs\crud\system\CodeIgniter.php(832): App\Controllers\Albumes->actualizar()
#6 D:\xampp\htdocs\crud\system\CodeIgniter.php(419): CodeIgniter\CodeIgniter->runController(Object(App\Controllers\Albumes))
#7 D:\xampp\htdocs\crud\system\CodeIgniter.php(326): CodeIgniter\CodeIgniter->handleRequest(NULL, Object(Config\Cache), false)
#8 D:\xampp\htdocs\crud\index.php(37): CodeIgniter\CodeIgniter->run()
#9 {main}
CRITICAL - 2022-06-13 23:08:58 --> Trying to access array offset on value of type null
#0 D:\xampp\htdocs\crud\app\Views\albums\editar.php(8): CodeIgniter\Debug\Exceptions->errorHandler(2, 'Trying to acces...', 'D:\\xampp\\htdocs...', 8)
#1 D:\xampp\htdocs\crud\system\View\View.php(210): include('D:\\xampp\\htdocs...')
#2 D:\xampp\htdocs\crud\system\View\View.php(213): CodeIgniter\View\View->CodeIgniter\View\{closure}()
#3 D:\xampp\htdocs\crud\system\Common.php(1089): CodeIgniter\View\View->render('albums/editar', Array, true)
#4 D:\xampp\htdocs\crud\app\Controllers\Albumes.php(42): view('albums/editar', Array)
#5 D:\xampp\htdocs\crud\system\CodeIgniter.php(832): App\Controllers\Albumes->editar('headphones.ico')
#6 D:\xampp\htdocs\crud\system\CodeIgniter.php(419): CodeIgniter\CodeIgniter->runController(Object(App\Controllers\Albumes))
#7 D:\xampp\htdocs\crud\system\CodeIgniter.php(326): CodeIgniter\CodeIgniter->handleRequest(NULL, Object(Config\Cache), false)
#8 D:\xampp\htdocs\crud\index.php(37): CodeIgniter\CodeIgniter->run()
#9 {main}
CRITICAL - 2022-06-13 23:10:03 --> Trying to access array offset on value of type null
#0 D:\xampp\htdocs\crud\app\Views\genres\editar.php(8): CodeIgniter\Debug\Exceptions->errorHandler(2, 'Trying to acces...', 'D:\\xampp\\htdocs...', 8)
#1 D:\xampp\htdocs\crud\system\View\View.php(210): include('D:\\xampp\\htdocs...')
#2 D:\xampp\htdocs\crud\system\View\View.php(213): CodeIgniter\View\View->CodeIgniter\View\{closure}()
#3 D:\xampp\htdocs\crud\system\Common.php(1089): CodeIgniter\View\View->render('genres/editar', Array, true)
#4 D:\xampp\htdocs\crud\app\Controllers\Genres.php(40): view('genres/editar', Array)
#5 D:\xampp\htdocs\crud\system\CodeIgniter.php(832): App\Controllers\Genres->editar('headphones.ico')
#6 D:\xampp\htdocs\crud\system\CodeIgniter.php(419): CodeIgniter\CodeIgniter->runController(Object(App\Controllers\Genres))
#7 D:\xampp\htdocs\crud\system\CodeIgniter.php(326): CodeIgniter\CodeIgniter->handleRequest(NULL, Object(Config\Cache), false)
#8 D:\xampp\htdocs\crud\index.php(37): CodeIgniter\CodeIgniter->run()
#9 {main}
CRITICAL - 2022-06-13 23:10:09 --> Trying to access array offset on value of type null
#0 D:\xampp\htdocs\crud\app\Views\genres\editar.php(8): CodeIgniter\Debug\Exceptions->errorHandler(2, 'Trying to acces...', 'D:\\xampp\\htdocs...', 8)
#1 D:\xampp\htdocs\crud\system\View\View.php(210): include('D:\\xampp\\htdocs...')
#2 D:\xampp\htdocs\crud\system\View\View.php(213): CodeIgniter\View\View->CodeIgniter\View\{closure}()
#3 D:\xampp\htdocs\crud\system\Common.php(1089): CodeIgniter\View\View->render('genres/editar', Array, true)
#4 D:\xampp\htdocs\crud\app\Controllers\Genres.php(40): view('genres/editar', Array)
#5 D:\xampp\htdocs\crud\system\CodeIgniter.php(832): App\Controllers\Genres->editar('headphones.ico')
#6 D:\xampp\htdocs\crud\system\CodeIgniter.php(419): CodeIgniter\CodeIgniter->runController(Object(App\Controllers\Genres))
#7 D:\xampp\htdocs\crud\system\CodeIgniter.php(326): CodeIgniter\CodeIgniter->handleRequest(NULL, Object(Config\Cache), false)
#8 D:\xampp\htdocs\crud\index.php(37): CodeIgniter\CodeIgniter->run()
#9 {main}
CRITICAL - 2022-06-13 23:10:11 --> Trying to access array offset on value of type null
#0 D:\xampp\htdocs\crud\app\Views\genres\editar.php(8): CodeIgniter\Debug\Exceptions->errorHandler(2, 'Trying to acces...', 'D:\\xampp\\htdocs...', 8)
#1 D:\xampp\htdocs\crud\system\View\View.php(210): include('D:\\xampp\\htdocs...')
#2 D:\xampp\htdocs\crud\system\View\View.php(213): CodeIgniter\View\View->CodeIgniter\View\{closure}()
#3 D:\xampp\htdocs\crud\system\Common.php(1089): CodeIgniter\View\View->render('genres/editar', Array, true)
#4 D:\xampp\htdocs\crud\app\Controllers\Genres.php(40): view('genres/editar', Array)
#5 D:\xampp\htdocs\crud\system\CodeIgniter.php(832): App\Controllers\Genres->editar('headphones.ico')
#6 D:\xampp\htdocs\crud\system\CodeIgniter.php(419): CodeIgniter\CodeIgniter->runController(Object(App\Controllers\Genres))
#7 D:\xampp\htdocs\crud\system\CodeIgniter.php(326): CodeIgniter\CodeIgniter->handleRequest(NULL, Object(Config\Cache), false)
#8 D:\xampp\htdocs\crud\index.php(37): CodeIgniter\CodeIgniter->run()
#9 {main}
CRITICAL - 2022-06-13 23:10:13 --> Trying to access array offset on value of type null
#0 D:\xampp\htdocs\crud\app\Views\genres\editar.php(8): CodeIgniter\Debug\Exceptions->errorHandler(2, 'Trying to acces...', 'D:\\xampp\\htdocs...', 8)
#1 D:\xampp\htdocs\crud\system\View\View.php(210): include('D:\\xampp\\htdocs...')
#2 D:\xampp\htdocs\crud\system\View\View.php(213): CodeIgniter\View\View->CodeIgniter\View\{closure}()
#3 D:\xampp\htdocs\crud\system\Common.php(1089): CodeIgniter\View\View->render('genres/editar', Array, true)
#4 D:\xampp\htdocs\crud\app\Controllers\Genres.php(40): view('genres/editar', Array)
#5 D:\xampp\htdocs\crud\system\CodeIgniter.php(832): App\Controllers\Genres->editar('headphones.ico')
#6 D:\xampp\htdocs\crud\system\CodeIgniter.php(419): CodeIgniter\CodeIgniter->runController(Object(App\Controllers\Genres))
#7 D:\xampp\htdocs\crud\system\CodeIgniter.php(326): CodeIgniter\CodeIgniter->handleRequest(NULL, Object(Config\Cache), false)
#8 D:\xampp\htdocs\crud\index.php(37): CodeIgniter\CodeIgniter->run()
#9 {main}
CRITICAL - 2022-06-13 23:20:09 --> Trying to access array offset on value of type null
#0 D:\xampp\htdocs\crud\app\Views\genres\editar.php(8): CodeIgniter\Debug\Exceptions->errorHandler(2, 'Trying to acces...', 'D:\\xampp\\htdocs...', 8)
#1 D:\xampp\htdocs\crud\system\View\View.php(210): include('D:\\xampp\\htdocs...')
#2 D:\xampp\htdocs\crud\system\View\View.php(213): CodeIgniter\View\View->CodeIgniter\View\{closure}()
#3 D:\xampp\htdocs\crud\system\Common.php(1089): CodeIgniter\View\View->render('genres/editar', Array, true)
#4 D:\xampp\htdocs\crud\app\Controllers\Genres.php(38): view('genres/editar', Array)
#5 D:\xampp\htdocs\crud\system\CodeIgniter.php(832): App\Controllers\Genres->editar('headphones.ico')
#6 D:\xampp\htdocs\crud\system\CodeIgniter.php(419): CodeIgniter\CodeIgniter->runController(Object(App\Controllers\Genres))
#7 D:\xampp\htdocs\crud\system\CodeIgniter.php(326): CodeIgniter\CodeIgniter->handleRequest(NULL, Object(Config\Cache), false)
#8 D:\xampp\htdocs\crud\index.php(37): CodeIgniter\CodeIgniter->run()
#9 {main}
CRITICAL - 2022-06-13 23:20:51 --> Trying to access array offset on value of type null
#0 D:\xampp\htdocs\crud\app\Views\albums\editar.php(8): CodeIgniter\Debug\Exceptions->errorHandler(2, 'Trying to acces...', 'D:\\xampp\\htdocs...', 8)
#1 D:\xampp\htdocs\crud\system\View\View.php(210): include('D:\\xampp\\htdocs...')
#2 D:\xampp\htdocs\crud\system\View\View.php(213): CodeIgniter\View\View->CodeIgniter\View\{closure}()
#3 D:\xampp\htdocs\crud\system\Common.php(1089): CodeIgniter\View\View->render('albums/editar', Array, true)
#4 D:\xampp\htdocs\crud\app\Controllers\Albumes.php(40): view('albums/editar', Array)
#5 D:\xampp\htdocs\crud\system\CodeIgniter.php(832): App\Controllers\Albumes->editar('headphones.ico')
#6 D:\xampp\htdocs\crud\system\CodeIgniter.php(419): CodeIgniter\CodeIgniter->runController(Object(App\Controllers\Albumes))
#7 D:\xampp\htdocs\crud\system\CodeIgniter.php(326): CodeIgniter\CodeIgniter->handleRequest(NULL, Object(Config\Cache), false)
#8 D:\xampp\htdocs\crud\index.php(37): CodeIgniter\CodeIgniter->run()
#9 {main}
CRITICAL - 2022-06-13 23:27:08 --> Trying to access array offset on value of type null
#0 D:\xampp\htdocs\crud\app\Views\albums\editar.php(8): CodeIgniter\Debug\Exceptions->errorHandler(2, 'Trying to acces...', 'D:\\xampp\\htdocs...', 8)
#1 D:\xampp\htdocs\crud\system\View\View.php(210): include('D:\\xampp\\htdocs...')
#2 D:\xampp\htdocs\crud\system\View\View.php(213): CodeIgniter\View\View->CodeIgniter\View\{closure}()
#3 D:\xampp\htdocs\crud\system\Common.php(1089): CodeIgniter\View\View->render('albums/editar', Array, true)
#4 D:\xampp\htdocs\crud\app\Controllers\Albumes.php(40): view('albums/editar', Array)
#5 D:\xampp\htdocs\crud\system\CodeIgniter.php(832): App\Controllers\Albumes->editar('headphones.ico')
#6 D:\xampp\htdocs\crud\system\CodeIgniter.php(419): CodeIgniter\CodeIgniter->runController(Object(App\Controllers\Albumes))
#7 D:\xampp\htdocs\crud\system\CodeIgniter.php(326): CodeIgniter\CodeIgniter->handleRequest(NULL, Object(Config\Cache), false)
#8 D:\xampp\htdocs\crud\index.php(37): CodeIgniter\CodeIgniter->run()
#9 {main}
CRITICAL - 2022-06-13 23:27:58 --> Trying to access array offset on value of type null
#0 D:\xampp\htdocs\crud\app\Views\albums\editar.php(8): CodeIgniter\Debug\Exceptions->errorHandler(2, 'Trying to acces...', 'D:\\xampp\\htdocs...', 8)
#1 D:\xampp\htdocs\crud\system\View\View.php(210): include('D:\\xampp\\htdocs...')
#2 D:\xampp\htdocs\crud\system\View\View.php(213): CodeIgniter\View\View->CodeIgniter\View\{closure}()
#3 D:\xampp\htdocs\crud\system\Common.php(1089): CodeIgniter\View\View->render('albums/editar', Array, true)
#4 D:\xampp\htdocs\crud\app\Controllers\Albumes.php(40): view('albums/editar', Array)
#5 D:\xampp\htdocs\crud\system\CodeIgniter.php(832): App\Controllers\Albumes->editar('headphones.ico')
#6 D:\xampp\htdocs\crud\system\CodeIgniter.php(419): CodeIgniter\CodeIgniter->runController(Object(App\Controllers\Albumes))
#7 D:\xampp\htdocs\crud\system\CodeIgniter.php(326): CodeIgniter\CodeIgniter->handleRequest(NULL, Object(Config\Cache), false)
#8 D:\xampp\htdocs\crud\index.php(37): CodeIgniter\CodeIgniter->run()
#9 {main}
CRITICAL - 2022-06-13 23:36:58 --> Trying to access array offset on value of type null
#0 D:\xampp\htdocs\crud\app\Views\albums\editar.php(8): CodeIgniter\Debug\Exceptions->errorHandler(2, 'Trying to acces...', 'D:\\xampp\\htdocs...', 8)
#1 D:\xampp\htdocs\crud\system\View\View.php(210): include('D:\\xampp\\htdocs...')
#2 D:\xampp\htdocs\crud\system\View\View.php(213): CodeIgniter\View\View->CodeIgniter\View\{closure}()
#3 D:\xampp\htdocs\crud\system\Common.php(1089): CodeIgniter\View\View->render('albums/editar', Array, true)
#4 D:\xampp\htdocs\crud\app\Controllers\Albumes.php(40): view('albums/editar', Array)
#5 D:\xampp\htdocs\crud\system\CodeIgniter.php(832): App\Controllers\Albumes->editar('headphones.ico')
#6 D:\xampp\htdocs\crud\system\CodeIgniter.php(419): CodeIgniter\CodeIgniter->runController(Object(App\Controllers\Albumes))
#7 D:\xampp\htdocs\crud\system\CodeIgniter.php(326): CodeIgniter\CodeIgniter->handleRequest(NULL, Object(Config\Cache), false)
#8 D:\xampp\htdocs\crud\index.php(37): CodeIgniter\CodeIgniter->run()
#9 {main}
CRITICAL - 2022-06-13 23:40:52 --> Trying to access array offset on value of type null
#0 D:\xampp\htdocs\crud\app\Views\genres\editar.php(8): CodeIgniter\Debug\Exceptions->errorHandler(2, 'Trying to acces...', 'D:\\xampp\\htdocs...', 8)
#1 D:\xampp\htdocs\crud\system\View\View.php(210): include('D:\\xampp\\htdocs...')
#2 D:\xampp\htdocs\crud\system\View\View.php(213): CodeIgniter\View\View->CodeIgniter\View\{closure}()
#3 D:\xampp\htdocs\crud\system\Common.php(1089): CodeIgniter\View\View->render('genres/editar', Array, true)
#4 D:\xampp\htdocs\crud\app\Controllers\Genres.php(38): view('genres/editar', Array)
#5 D:\xampp\htdocs\crud\system\CodeIgniter.php(832): App\Controllers\Genres->editar('headphones.ico')
#6 D:\xampp\htdocs\crud\system\CodeIgniter.php(419): CodeIgniter\CodeIgniter->runController(Object(App\Controllers\Genres))
#7 D:\xampp\htdocs\crud\system\CodeIgniter.php(326): CodeIgniter\CodeIgniter->handleRequest(NULL, Object(Config\Cache), false)
#8 D:\xampp\htdocs\crud\index.php(37): CodeIgniter\CodeIgniter->run()
#9 {main}
CRITICAL - 2022-06-13 23:42:13 --> Trying to access array offset on value of type null
#0 D:\xampp\htdocs\crud\app\Views\albums\editar.php(8): CodeIgniter\Debug\Exceptions->errorHandler(2, 'Trying to acces...', 'D:\\xampp\\htdocs...', 8)
#1 D:\xampp\htdocs\crud\system\View\View.php(210): include('D:\\xampp\\htdocs...')
#2 D:\xampp\htdocs\crud\system\View\View.php(213): CodeIgniter\View\View->CodeIgniter\View\{closure}()
#3 D:\xampp\htdocs\crud\system\Common.php(1089): CodeIgniter\View\View->render('albums/editar', Array, true)
#4 D:\xampp\htdocs\crud\app\Controllers\Albumes.php(40): view('albums/editar', Array)
#5 D:\xampp\htdocs\crud\system\CodeIgniter.php(832): App\Controllers\Albumes->editar('headphones.ico')
#6 D:\xampp\htdocs\crud\system\CodeIgniter.php(419): CodeIgniter\CodeIgniter->runController(Object(App\Controllers\Albumes))
#7 D:\xampp\htdocs\crud\system\CodeIgniter.php(326): CodeIgniter\CodeIgniter->handleRequest(NULL, Object(Config\Cache), false)
#8 D:\xampp\htdocs\crud\index.php(37): CodeIgniter\CodeIgniter->run()
#9 {main}
CRITICAL - 2022-06-13 23:42:34 --> Trying to access array offset on value of type null
#0 D:\xampp\htdocs\crud\app\Views\genres\editar.php(8): CodeIgniter\Debug\Exceptions->errorHandler(2, 'Trying to acces...', 'D:\\xampp\\htdocs...', 8)
#1 D:\xampp\htdocs\crud\system\View\View.php(210): include('D:\\xampp\\htdocs...')
#2 D:\xampp\htdocs\crud\system\View\View.php(213): CodeIgniter\View\View->CodeIgniter\View\{closure}()
#3 D:\xampp\htdocs\crud\system\Common.php(1089): CodeIgniter\View\View->render('genres/editar', Array, true)
#4 D:\xampp\htdocs\crud\app\Controllers\Genres.php(38): view('genres/editar', Array)
#5 D:\xampp\htdocs\crud\system\CodeIgniter.php(832): App\Controllers\Genres->editar('headphones.ico')
#6 D:\xampp\htdocs\crud\system\CodeIgniter.php(419): CodeIgniter\CodeIgniter->runController(Object(App\Controllers\Genres))
#7 D:\xampp\htdocs\crud\system\CodeIgniter.php(326): CodeIgniter\CodeIgniter->handleRequest(NULL, Object(Config\Cache), false)
#8 D:\xampp\htdocs\crud\index.php(37): CodeIgniter\CodeIgniter->run()
#9 {main}
