ERROR - 2022-06-05 11:09:39 --> Error connecting to the database: Access denied for user '****'@'localhost' (using password: NO)
CRITICAL - 2022-06-05 11:09:39 --> Unable to connect to the database.
Main connection [MySQLi]: Access denied for user '****'@'localhost' (using password: NO)
#0 D:\xampp\htdocs\codeigniter\system\Database\BaseConnection.php(577): CodeIgniter\Database\BaseConnection->initialize()
#1 D:\xampp\htdocs\codeigniter\system\Database\BaseBuilder.php(1455): CodeIgniter\Database\BaseConnection->query('SELECT *\nFROM `...', Array, false)
#2 D:\xampp\htdocs\codeigniter\system\Model.php(145): CodeIgniter\Database\BaseBuilder->get()
#3 D:\xampp\htdocs\codeigniter\system\BaseModel.php(523): CodeIgniter\Model->doFind(false, NULL)
#4 D:\xampp\htdocs\codeigniter\app\Controllers\Genre.php(12): CodeIgniter\BaseModel->find()
#5 D:\xampp\htdocs\codeigniter\system\CodeIgniter.php(832): App\Controllers\Genre->index()
#6 D:\xampp\htdocs\codeigniter\system\CodeIgniter.php(419): CodeIgniter\CodeIgniter->runController(Object(App\Controllers\Genre))
#7 D:\xampp\htdocs\codeigniter\system\CodeIgniter.php(326): CodeIgniter\CodeIgniter->handleRequest(NULL, Object(Config\Cache), false)
#8 D:\xampp\htdocs\codeigniter\index.php(37): CodeIgniter\CodeIgniter->run()
#9 {main}
ERROR - 2022-06-05 11:26:29 --> Error connecting to the database: Access denied for user '****'@'localhost' (using password: NO)
CRITICAL - 2022-06-05 11:26:29 --> Unable to connect to the database.
Main connection [MySQLi]: Access denied for user '****'@'localhost' (using password: NO)
#0 D:\xampp\htdocs\codeigniter\system\Database\BaseConnection.php(577): CodeIgniter\Database\BaseConnection->initialize()
#1 D:\xampp\htdocs\codeigniter\system\Database\BaseBuilder.php(1455): CodeIgniter\Database\BaseConnection->query('SELECT *\nFROM `...', Array, false)
#2 D:\xampp\htdocs\codeigniter\system\Model.php(145): CodeIgniter\Database\BaseBuilder->get()
#3 D:\xampp\htdocs\codeigniter\system\BaseModel.php(523): CodeIgniter\Model->doFind(false, NULL)
#4 D:\xampp\htdocs\codeigniter\app\Controllers\Genre.php(12): CodeIgniter\BaseModel->find()
#5 D:\xampp\htdocs\codeigniter\system\CodeIgniter.php(832): App\Controllers\Genre->index()
#6 D:\xampp\htdocs\codeigniter\system\CodeIgniter.php(419): CodeIgniter\CodeIgniter->runController(Object(App\Controllers\Genre))
#7 D:\xampp\htdocs\codeigniter\system\CodeIgniter.php(326): CodeIgniter\CodeIgniter->handleRequest(NULL, Object(Config\Cache), false)
#8 D:\xampp\htdocs\codeigniter\index.php(37): CodeIgniter\CodeIgniter->run()
#9 {main}
CRITICAL - 2022-06-05 11:27:27 --> Too few arguments to function App\Controllers\Genre::edit(), 0 passed in D:\xampp\htdocs\codeigniter\system\CodeIgniter.php on line 832 and exactly 1 expected
#0 D:\xampp\htdocs\codeigniter\system\CodeIgniter.php(832): App\Controllers\Genre->edit()
#1 D:\xampp\htdocs\codeigniter\system\CodeIgniter.php(419): CodeIgniter\CodeIgniter->runController(Object(App\Controllers\Genre))
#2 D:\xampp\htdocs\codeigniter\system\CodeIgniter.php(326): CodeIgniter\CodeIgniter->handleRequest(NULL, Object(Config\Cache), false)
#3 D:\xampp\htdocs\codeigniter\index.php(37): CodeIgniter\CodeIgniter->run()
#4 {main}
